#
# A fatal error has been detected by the Java Runtime Environment:
#
#  EXCEPTION_ACCESS_VIOLATION (0xc0000005) at pc=0x0000000000000002, pid=8296, tid=11432
#
# JRE version: OpenJDK Runtime Environment (17.0.6) (build 17.0.6+0-b2043.56-9586694)
# Java VM: OpenJDK 64-Bit Server VM (17.0.6+0-b2043.56-9586694, mixed mode, tiered, compressed oops, compressed class ptrs, g1 gc, windows-amd64)
# Problematic frame:
# C  0x0000000000000002
#
# No core dump will be written. Minidumps are not enabled by default on client versions of Windows
#
# If you would like to submit a bug report, please visit:
#   https://bugreport.java.com/bugreport/crash.jsp
#

---------------  S U M M A R Y ------------

Command Line: --add-opens=java.base/java.util=ALL-UNNAMED --add-opens=java.base/java.lang=ALL-UNNAMED --add-opens=java.base/java.lang.invoke=ALL-UNNAMED --add-opens=java.prefs/java.util.prefs=ALL-UNNAMED --add-opens=java.base/java.nio.charset=ALL-UNNAMED --add-opens=java.base/java.net=ALL-UNNAMED --add-opens=java.base/java.util.concurrent.atomic=ALL-UNNAMED -Xmx2048m -Dfile.encoding=UTF-8 -Duser.country=US -Duser.language=en -Duser.variant org.gradle.launcher.daemon.bootstrap.GradleDaemon 8.0

Host: Intel(R) Core(TM) i5-2400S CPU @ 2.50GHz, 4 cores, 9G,  Windows 10 , 64 bit Build 19041 (10.0.19041.3155)
Time: Thu Jul 27 13:22:33 2023 Bangladesh Standard Time elapsed time: 1091.010297 seconds (0d 0h 18m 11s)

---------------  T H R E A D  ---------------

Current thread (0x00000274b2099000):  ConcurrentGCThread "G1 Conc#0" [stack: 0x000000fdbf800000,0x000000fdbf900000] [id=11432]

Stack: [0x000000fdbf800000,0x000000fdbf900000],  sp=0x000000fdbf8ff5a8,  free space=1021k
Native frames: (J=compiled Java code, j=interpreted, Vv=VM code, C=native code)
C  0x0000000000000002


siginfo: EXCEPTION_ACCESS_VIOLATION (0xc0000005), data execution prevention violation at address 0x0000000000000002


Register to memory mapping:

RIP=0x0000000000000002 is an unknown value
RAX=0x00007ffb8fb24dc0 jvm.dll
RBX=0x0000000000000010 is an unknown value
RCX=0x000000fdbf8ff6e0 points into unknown readable memory: 0x00007ffb8f9629e8 | e8 29 96 8f fb 7f 00 00
RDX=0x000000008b7e35c8 points into unknown readable memory: 0x0000007bfc1a7309 | 09 73 1a fc 7b 00 00 00
RSP=0x000000fdbf8ff5a8 points into unknown readable memory: 0x00007ffb8f2d7e01 | 01 7e 2d 8f fb 7f 00 00
RBP=0x000000fdbf8ff6e0 points into unknown readable memory: 0x00007ffb8f9629e8 | e8 29 96 8f fb 7f 00 00
RSI=0x000000008b7e35c8 points into unknown readable memory: 0x0000007bfc1a7309 | 09 73 1a fc 7b 00 00 00
RDI=0x0000000100002ae8 is pointing into metadata
R8 =0x0000000100002ae8 is pointing into metadata
R9 =0x0000000000000274 is an unknown value
R10=0x0 is NULL
R11=0x0000000000000003 is an unknown value
R12=0x0 is NULL
R13=0xaaaaaaaaaaaaaaab is an unknown value
R14=0x0000000000000001 is an unknown value
R15=0x000000fdbf8ff6a0 points into unknown readable memory: 0x00000274b2087600 | 00 76 08 b2 74 02 00 00


Registers:
RAX=0x00007ffb8fb24dc0, RBX=0x0000000000000010, RCX=0x000000fdbf8ff6e0, RDX=0x000000008b7e35c8
RSP=0x000000fdbf8ff5a8, RBP=0x000000fdbf8ff6e0, RSI=0x000000008b7e35c8, RDI=0x0000000100002ae8
R8 =0x0000000100002ae8, R9 =0x0000000000000274, R10=0x0000000000000000, R11=0x0000000000000003
R12=0x0000000000000000, R13=0xaaaaaaaaaaaaaaab, R14=0x0000000000000001, R15=0x000000fdbf8ff6a0
RIP=0x0000000000000002, EFLAGS=0x0000000000010202

Top of Stack: (sp=0x000000fdbf8ff5a8)
0x000000fdbf8ff5a8:   00007ffb8f2d7e01 0000000000000006
0x000000fdbf8ff5b8:   000000008b7e3598 00000274b209a330
0x000000fdbf8ff5c8:   0000000000000040 00000274b209a330
0x000000fdbf8ff5d8:   00007ffb8f2ed9be 000000008b7e35c8
0x000000fdbf8ff5e8:   00000274b2087650 000000fdbf8ff6a0
0x000000fdbf8ff5f8:   00000274b2087650 000000008b7e35c8
0x000000fdbf8ff608:   00007ffb8f2ea131 00000000016fc6b9
0x000000fdbf8ff618:   0000000000000000 000000008673ec48
0x000000fdbf8ff628:   00007ffb8f2eb694 0000000001700000
0x000000fdbf8ff638:   00007ffb8f2eba8c 000000008b7e3598
0x000000fdbf8ff648:   00000000016fc6b9 000000000160dc08
0x000000fdbf8ff658:   000000000004c4b4 00000274b20992c0
0x000000fdbf8ff668:   0000000000000001 00000274b209a330
0x000000fdbf8ff678:   00007ffb8f2eaa64 0000000000000555
0x000000fdbf8ff688:   0000000000000000 00000274afdb4901
0x000000fdbf8ff698:   0000000000000000 00000274b2087600 

Instructions: (pc=0x0000000000000002)
0xffffffffffffff02:   


Stack slot to memory mapping:
stack at sp + 0 slots: 0x00007ffb8f2d7e01 jvm.dll
stack at sp + 1 slots: 0x0000000000000006 is an unknown value
stack at sp + 2 slots: 0x000000008b7e3598 is an oop: [Ljava.lang.Object; 
{0x000000008b7e3598} - klass: 'java/lang/Object'[]
 - length: 8
stack at sp + 3 slots: 0x00000274b209a330 points into unknown readable memory: 0x00007ffb8f9629c8 | c8 29 96 8f fb 7f 00 00
stack at sp + 4 slots: 0x0000000000000040 is an unknown value
stack at sp + 5 slots: 0x00000274b209a330 points into unknown readable memory: 0x00007ffb8f9629c8 | c8 29 96 8f fb 7f 00 00
stack at sp + 6 slots: 0x00007ffb8f2ed9be jvm.dll
stack at sp + 7 slots: 0x000000008b7e35c8 points into unknown readable memory: 0x0000007bfc1a7309 | 09 73 1a fc 7b 00 00 00


---------------  P R O C E S S  ---------------

Threads class SMR info:
_java_thread_list=0x00000274cc459000, length=87, elements={
0x00000274b2027c70, 0x00000274cb628260, 0x00000274cb628fe0, 0x00000274cb62b370,
0x00000274cb62be30, 0x00000274cb62e700, 0x00000274cc022000, 0x00000274cc022ca0,
0x00000274cc041330, 0x00000274cc096390, 0x00000274cc1b1400, 0x00000274cc1b40f0,
0x00000274ce8bdc30, 0x00000274cceb0c40, 0x00000274ceb78020, 0x00000274ce414210,
0x00000274ce412a00, 0x00000274ce4133a0, 0x00000274ce4146e0, 0x00000274ce412060,
0x00000274ce412530, 0x00000274ce414bb0, 0x00000274ce415550, 0x00000274ce415a20,
0x00000274cc04c2f0, 0x00000274cc04b480, 0x00000274d065f060, 0x00000274cc050ff0,
0x00000274cc0514c0, 0x00000274cc04a140, 0x00000274cc04c7c0, 0x00000274cc04aae0,
0x00000274cc04f7e0, 0x00000274cc04d630, 0x00000274cc050650, 0x00000274cc050b20,
0x00000274cc04d160, 0x00000274cc04f310, 0x00000274cc04afb0, 0x00000274cc04dfd0,
0x00000274cc04e4a0, 0x00000274cc04b950, 0x00000274cc04be20, 0x00000274cc04ee40,
0x00000274d8d05720, 0x00000274d8d08740, 0x00000274d8d07400, 0x00000274d8d01d60,
0x00000274d8d078d0, 0x00000274d8d043e0, 0x00000274d8d07da0, 0x00000274d8d08c10,
0x00000274d8d05bf0, 0x00000274d8d095b0, 0x00000274d8d02230, 0x00000274d8d02bd0,
0x00000274d8d030a0, 0x00000274d8d03a40, 0x00000274d8d03570, 0x00000274d0665f10,
0x00000274d0661210, 0x00000274d0660d40, 0x00000274d065f530, 0x00000274d065fa00,
0x00000274d06616e0, 0x00000274d0662550, 0x00000274d0662a20, 0x00000274d06633c0,
0x00000274ce413870, 0x00000274ce413d40, 0x00000274ce415080, 0x00000274ce412ed0,
0x00000274d8abe940, 0x00000274d8abf2e0, 0x00000274d8ac0af0, 0x00000274d8abf7b0,
0x00000274d8abcc60, 0x00000274d8aba110, 0x00000274d8abee10, 0x00000274d8abc790,
0x00000274d8abd130, 0x00000274d8abfc80, 0x00000274d8aba5e0, 0x00000274d8abdad0,
0x00000274d8abc2c0, 0x00000274d8abbdf0, 0x00000274d40cdd70
}

Java Threads: ( => current thread )
  0x00000274b2027c70 JavaThread "main" [_thread_blocked, id=15864, stack(0x000000fdbf500000,0x000000fdbf600000)]
  0x00000274cb628260 JavaThread "Reference Handler" daemon [_thread_blocked, id=6760, stack(0x000000fdbfc00000,0x000000fdbfd00000)]
  0x00000274cb628fe0 JavaThread "Finalizer" daemon [_thread_blocked, id=15444, stack(0x000000fdbfd00000,0x000000fdbfe00000)]
  0x00000274cb62b370 JavaThread "Signal Dispatcher" daemon [_thread_blocked, id=9536, stack(0x000000fdbfe00000,0x000000fdbff00000)]
  0x00000274cb62be30 JavaThread "Attach Listener" daemon [_thread_blocked, id=10804, stack(0x000000fdbff00000,0x000000fdc0000000)]
  0x00000274cb62e700 JavaThread "Service Thread" daemon [_thread_blocked, id=7828, stack(0x000000fdc0000000,0x000000fdc0100000)]
  0x00000274cc022000 JavaThread "Monitor Deflation Thread" daemon [_thread_blocked, id=8696, stack(0x000000fdc0100000,0x000000fdc0200000)]
  0x00000274cc022ca0 JavaThread "C2 CompilerThread0" daemon [_thread_in_native, id=13008, stack(0x000000fdc0200000,0x000000fdc0300000)]
  0x00000274cc041330 JavaThread "C1 CompilerThread0" daemon [_thread_blocked, id=6668, stack(0x000000fdc0300000,0x000000fdc0400000)]
  0x00000274cc096390 JavaThread "Sweeper thread" daemon [_thread_blocked, id=4112, stack(0x000000fdc0400000,0x000000fdc0500000)]
  0x00000274cc1b1400 JavaThread "Common-Cleaner" daemon [_thread_blocked, id=8384, stack(0x000000fdc0500000,0x000000fdc0600000)]
  0x00000274cc1b40f0 JavaThread "Notification Thread" daemon [_thread_blocked, id=11836, stack(0x000000fdc0600000,0x000000fdc0700000)]
  0x00000274ce8bdc30 JavaThread "Daemon health stats" [_thread_blocked, id=2100, stack(0x000000fdc0c00000,0x000000fdc0d00000)]
  0x00000274cceb0c40 JavaThread "Incoming local TCP Connector on port 65382" [_thread_in_native, id=2488, stack(0x000000fdc0d00000,0x000000fdc0e00000)]
  0x00000274ceb78020 JavaThread "Daemon periodic checks" [_thread_blocked, id=7768, stack(0x000000fdc0e00000,0x000000fdc0f00000)]
  0x00000274ce414210 JavaThread "Cache worker for journal cache (C:\Users\niloy\.gradle\caches\journal-1)" [_thread_blocked, id=13268, stack(0x000000fdc0800000,0x000000fdc0900000)]
  0x00000274ce412a00 JavaThread "File lock request listener" [_thread_in_native, id=11340, stack(0x000000fdc1600000,0x000000fdc1700000)]
  0x00000274ce4133a0 JavaThread "Cache worker for file hash cache (C:\Users\niloy\.gradle\caches\8.0\fileHashes)" [_thread_blocked, id=9064, stack(0x000000fdc1700000,0x000000fdc1800000)]
  0x00000274ce4146e0 JavaThread "File watcher server" daemon [_thread_in_native, id=7476, stack(0x000000fdc1800000,0x000000fdc1900000)]
  0x00000274ce412060 JavaThread "File watcher consumer" daemon [_thread_blocked, id=3300, stack(0x000000fdc1900000,0x000000fdc1a00000)]
  0x00000274ce412530 JavaThread "jar transforms" [_thread_blocked, id=4148, stack(0x000000fdc1b00000,0x000000fdc1c00000)]
  0x00000274ce414bb0 JavaThread "jar transforms Thread 2" [_thread_blocked, id=3068, stack(0x000000fdc1c00000,0x000000fdc1d00000)]
  0x00000274ce415550 JavaThread "jar transforms Thread 3" [_thread_blocked, id=8532, stack(0x000000fdc1d00000,0x000000fdc1e00000)]
  0x00000274ce415a20 JavaThread "jar transforms Thread 4" [_thread_blocked, id=15784, stack(0x000000fdc1e00000,0x000000fdc1f00000)]
  0x00000274cc04c2f0 JavaThread "Cache worker for file content cache (C:\Users\niloy\.gradle\caches\8.0\fileContent)" [_thread_blocked, id=8772, stack(0x000000fdc2100000,0x000000fdc2200000)]
  0x00000274cc04b480 JavaThread "Cache worker for execution history cache (C:\Users\niloy\.gradle\caches\8.0\executionHistory)" [_thread_blocked, id=15556, stack(0x000000fdc2400000,0x000000fdc2500000)]
  0x00000274d065f060 JavaThread "Memory manager" [_thread_blocked, id=2036, stack(0x000000fdc5000000,0x000000fdc5100000)]
  0x00000274cc050ff0 JavaThread "Daemon Thread 2" [_thread_blocked, id=10564, stack(0x000000fdbf200000,0x000000fdbf300000)]
  0x00000274cc0514c0 JavaThread "Handler for socket connection from /127.0.0.1:65382 to /127.0.0.1:65461" [_thread_in_native, id=72, stack(0x000000fdbf300000,0x000000fdbf400000)]
  0x00000274cc04a140 JavaThread "Cancel handler" [_thread_blocked, id=14840, stack(0x000000fdbf400000,0x000000fdbf500000)]
  0x00000274cc04c7c0 JavaThread "Daemon worker Thread 2" [_thread_blocked, id=2320, stack(0x000000fdc0f00000,0x000000fdc1000000)]
  0x00000274cc04aae0 JavaThread "Asynchronous log dispatcher for DefaultDaemonConnection: socket connection from /127.0.0.1:65382 to /127.0.0.1:65461" [_thread_blocked, id=8948, stack(0x000000fdc1000000,0x000000fdc1100000)]
  0x00000274cc04f7e0 JavaThread "Stdin handler" [_thread_blocked, id=10392, stack(0x000000fdc1100000,0x000000fdc1200000)]
  0x00000274cc04d630 JavaThread "Daemon client event forwarder" [_thread_blocked, id=14192, stack(0x000000fdc1200000,0x000000fdc1300000)]
  0x00000274cc050650 JavaThread "Cache worker for checksums cache (G:\CITProject\Platzi_Api\.gradle\8.0\checksums)" [_thread_blocked, id=5540, stack(0x000000fdc1300000,0x000000fdc1400000)]
  0x00000274cc050b20 JavaThread "Cache worker for cache directory md-rule (C:\Users\niloy\.gradle\caches\8.0\md-rule)" [_thread_blocked, id=2548, stack(0x000000fdc1400000,0x000000fdc1500000)]
  0x00000274cc04d160 JavaThread "Cache worker for file hash cache (G:\CITProject\Platzi_Api\.gradle\8.0\fileHashes)" [_thread_blocked, id=12072, stack(0x000000fdc1500000,0x000000fdc1600000)]
  0x00000274cc04f310 JavaThread "Cache worker for cache directory md-supplier (C:\Users\niloy\.gradle\caches\8.0\md-supplier)" [_thread_blocked, id=9608, stack(0x000000fdc1a00000,0x000000fdc1b00000)]
  0x00000274cc04afb0 JavaThread "Cache worker for dependencies-accessors (G:\CITProject\Platzi_Api\.gradle\8.0\dependencies-accessors)" [_thread_blocked, id=12004, stack(0x000000fdc1f00000,0x000000fdc2000000)]
  0x00000274cc04dfd0 JavaThread "Cache worker for Build Output Cleanup Cache (G:\CITProject\Platzi_Api\.gradle\buildOutputCleanup)" [_thread_blocked, id=12456, stack(0x000000fdc2200000,0x000000fdc2300000)]
  0x00000274cc04e4a0 JavaThread "Unconstrained build operations" [_thread_blocked, id=12484, stack(0x000000fdc2300000,0x000000fdc2400000)]
  0x00000274cc04b950 JavaThread "Unconstrained build operations Thread 2" [_thread_blocked, id=7564, stack(0x000000fdc2500000,0x000000fdc2600000)]
  0x00000274cc04be20 JavaThread "Unconstrained build operations Thread 3" [_thread_blocked, id=4100, stack(0x000000fdc2600000,0x000000fdc2700000)]
  0x00000274cc04ee40 JavaThread "Unconstrained build operations Thread 4" [_thread_blocked, id=3568, stack(0x000000fdc2700000,0x000000fdc2800000)]
  0x00000274d8d05720 JavaThread "Unconstrained build operations Thread 5" [_thread_blocked, id=15868, stack(0x000000fdc2800000,0x000000fdc2900000)]
  0x00000274d8d08740 JavaThread "Unconstrained build operations Thread 6" [_thread_blocked, id=11020, stack(0x000000fdc2900000,0x000000fdc2a00000)]
  0x00000274d8d07400 JavaThread "Unconstrained build operations Thread 7" [_thread_blocked, id=7964, stack(0x000000fdc2a00000,0x000000fdc2b00000)]
  0x00000274d8d01d60 JavaThread "Unconstrained build operations Thread 8" [_thread_blocked, id=8180, stack(0x000000fdc2b00000,0x000000fdc2c00000)]
  0x00000274d8d078d0 JavaThread "Unconstrained build operations Thread 9" [_thread_blocked, id=9868, stack(0x000000fdc2c00000,0x000000fdc2d00000)]
  0x00000274d8d043e0 JavaThread "Unconstrained build operations Thread 10" [_thread_blocked, id=11296, stack(0x000000fdc2d00000,0x000000fdc2e00000)]
  0x00000274d8d07da0 JavaThread "Unconstrained build operations Thread 11" [_thread_blocked, id=14264, stack(0x000000fdc2e00000,0x000000fdc2f00000)]
  0x00000274d8d08c10 JavaThread "Unconstrained build operations Thread 12" [_thread_blocked, id=11872, stack(0x000000fdc2f00000,0x000000fdc3000000)]
  0x00000274d8d05bf0 JavaThread "Unconstrained build operations Thread 13" [_thread_blocked, id=2140, stack(0x000000fdc3000000,0x000000fdc3100000)]
  0x00000274d8d095b0 JavaThread "Unconstrained build operations Thread 14" [_thread_blocked, id=7604, stack(0x000000fdc3100000,0x000000fdc3200000)]
  0x00000274d8d02230 JavaThread "Unconstrained build operations Thread 15" [_thread_blocked, id=3464, stack(0x000000fdc3200000,0x000000fdc3300000)]
  0x00000274d8d02bd0 JavaThread "Unconstrained build operations Thread 16" [_thread_blocked, id=14276, stack(0x000000fdc3300000,0x000000fdc3400000)]
  0x00000274d8d030a0 JavaThread "Unconstrained build operations Thread 17" [_thread_blocked, id=10696, stack(0x000000fdc3400000,0x000000fdc3500000)]
  0x00000274d8d03a40 JavaThread "Unconstrained build operations Thread 18" [_thread_blocked, id=4592, stack(0x000000fdc3500000,0x000000fdc3600000)]
  0x00000274d8d03570 JavaThread "Unconstrained build operations Thread 19" [_thread_blocked, id=4872, stack(0x000000fdc3600000,0x000000fdc3700000)]
  0x00000274d0665f10 JavaThread "Unconstrained build operations Thread 20" [_thread_blocked, id=8968, stack(0x000000fdc3700000,0x000000fdc3800000)]
  0x00000274d0661210 JavaThread "Unconstrained build operations Thread 21" [_thread_blocked, id=9144, stack(0x000000fdc3800000,0x000000fdc3900000)]
  0x00000274d0660d40 JavaThread "Unconstrained build operations Thread 22" [_thread_blocked, id=13996, stack(0x000000fdc3900000,0x000000fdc3a00000)]
  0x00000274d065f530 JavaThread "Unconstrained build operations Thread 23" [_thread_blocked, id=3488, stack(0x000000fdc3a00000,0x000000fdc3b00000)]
  0x00000274d065fa00 JavaThread "Unconstrained build operations Thread 24" [_thread_blocked, id=7956, stack(0x000000fdc3b00000,0x000000fdc3c00000)]
  0x00000274d06616e0 JavaThread "Unconstrained build operations Thread 25" [_thread_blocked, id=2996, stack(0x000000fdc3c00000,0x000000fdc3d00000)]
  0x00000274d0662550 JavaThread "Unconstrained build operations Thread 26" [_thread_blocked, id=11260, stack(0x000000fdc3d00000,0x000000fdc3e00000)]
  0x00000274d0662a20 JavaThread "Unconstrained build operations Thread 27" [_thread_blocked, id=11804, stack(0x000000fdc3e00000,0x000000fdc3f00000)]
  0x00000274d06633c0 JavaThread "Unconstrained build operations Thread 28" [_thread_blocked, id=13244, stack(0x000000fdc3f00000,0x000000fdc4000000)]
  0x00000274ce413870 JavaThread "Unconstrained build operations Thread 29" [_thread_blocked, id=12000, stack(0x000000fdc4000000,0x000000fdc4100000)]
  0x00000274ce413d40 JavaThread "Unconstrained build operations Thread 30" [_thread_blocked, id=9932, stack(0x000000fdc4100000,0x000000fdc4200000)]
  0x00000274ce415080 JavaThread "Unconstrained build operations Thread 31" [_thread_blocked, id=13892, stack(0x000000fdc4200000,0x000000fdc4300000)]
  0x00000274ce412ed0 JavaThread "Unconstrained build operations Thread 32" [_thread_blocked, id=9008, stack(0x000000fdc4300000,0x000000fdc4400000)]
  0x00000274d8abe940 JavaThread "Unconstrained build operations Thread 33" [_thread_blocked, id=12736, stack(0x000000fdc4400000,0x000000fdc4500000)]
  0x00000274d8abf2e0 JavaThread "Unconstrained build operations Thread 34" [_thread_blocked, id=2168, stack(0x000000fdc4500000,0x000000fdc4600000)]
  0x00000274d8ac0af0 JavaThread "Unconstrained build operations Thread 35" [_thread_blocked, id=6308, stack(0x000000fdc4600000,0x000000fdc4700000)]
  0x00000274d8abf7b0 JavaThread "Unconstrained build operations Thread 36" [_thread_blocked, id=10516, stack(0x000000fdc4700000,0x000000fdc4800000)]
  0x00000274d8abcc60 JavaThread "Unconstrained build operations Thread 37" [_thread_blocked, id=14620, stack(0x000000fdc4800000,0x000000fdc4900000)]
  0x00000274d8aba110 JavaThread "Unconstrained build operations Thread 38" [_thread_blocked, id=11688, stack(0x000000fdc4900000,0x000000fdc4a00000)]
  0x00000274d8abee10 JavaThread "Unconstrained build operations Thread 39" [_thread_blocked, id=5436, stack(0x000000fdc4a00000,0x000000fdc4b00000)]
  0x00000274d8abc790 JavaThread "Unconstrained build operations Thread 40" [_thread_blocked, id=5304, stack(0x000000fdc4b00000,0x000000fdc4c00000)]
  0x00000274d8abd130 JavaThread "build event listener" [_thread_blocked, id=4452, stack(0x000000fdc4c00000,0x000000fdc4d00000)]
  0x00000274d8abfc80 JavaThread "included builds" [_thread_blocked, id=3160, stack(0x000000fdc4d00000,0x000000fdc4e00000)]
  0x00000274d8aba5e0 JavaThread "Execution worker" [_thread_blocked, id=9192, stack(0x000000fdc4e00000,0x000000fdc4f00000)]
  0x00000274d8abdad0 JavaThread "Execution worker Thread 2" [_thread_blocked, id=4964, stack(0x000000fdc4f00000,0x000000fdc5000000)]
  0x00000274d8abc2c0 JavaThread "Execution worker Thread 3" [_thread_in_vm, id=15632, stack(0x000000fdc5100000,0x000000fdc5200000)]
  0x00000274d8abbdf0 JavaThread "Cache worker for execution history cache (G:\CITProject\Platzi_Api\.gradle\8.0\executionHistory)" [_thread_blocked, id=4120, stack(0x000000fdc5200000,0x000000fdc5300000)]
  0x00000274d40cdd70 JavaThread "C2 CompilerThread1" daemon [_thread_in_native, id=8716, stack(0x000000fdc2000000,0x000000fdc2100000)]

Other Threads:
  0x00000274cb606140 VMThread "VM Thread" [stack: 0x000000fdbfb00000,0x000000fdbfc00000] [id=9088]
  0x00000274b209ecd0 WatcherThread [stack: 0x000000fdc0700000,0x000000fdc0800000] [id=9992]
  0x00000274b20870f0 GCTaskThread "GC Thread#0" [stack: 0x000000fdbf600000,0x000000fdbf700000] [id=2920]
  0x00000274cc6e2600 GCTaskThread "GC Thread#1" [stack: 0x000000fdc0900000,0x000000fdc0a00000] [id=4972]
  0x00000274cc471290 GCTaskThread "GC Thread#2" [stack: 0x000000fdc0a00000,0x000000fdc0b00000] [id=12988]
  0x00000274cd055f20 GCTaskThread "GC Thread#3" [stack: 0x000000fdc0b00000,0x000000fdc0c00000] [id=10836]
  0x00000274b2097f40 ConcurrentGCThread "G1 Main Marker" [stack: 0x000000fdbf700000,0x000000fdbf800000] [id=1240]
=>0x00000274b2099000 ConcurrentGCThread "G1 Conc#0" [stack: 0x000000fdbf800000,0x000000fdbf900000] [id=11432]
  0x00000274b20fe680 ConcurrentGCThread "G1 Refine#0" [stack: 0x000000fdbf900000,0x000000fdbfa00000] [id=7200]
  0x00000274cb4570e0 ConcurrentGCThread "G1 Service" [stack: 0x000000fdbfa00000,0x000000fdbfb00000] [id=16380]

Threads with active compile tasks:
C2 CompilerThread0  1091102 16673       4       com.android.utils.XmlUtils::append (597 bytes)
C1 CompilerThread0  1091102 16685       3       sun.nio.cs.UTF_8$Encoder::encodeArrayLoopSlow (377 bytes)
C2 CompilerThread1  1091102 16646       4       com.android.ide.common.resources.NodeUtils::updateNamespace (167 bytes)

VM state: not at safepoint (normal execution)

VM Mutex/Monitor currently owned by a thread: None

Heap address: 0x0000000080000000, size: 2048 MB, Compressed Oops mode: 32-bit

CDS archive(s) not mapped
Compressed class space mapped at: 0x0000000100000000-0x0000000140000000, reserved size: 1073741824
Narrow klass base: 0x0000000000000000, Narrow klass shift: 3, Narrow klass range: 0x140000000

GC Precious Log:
 CPUs: 4 total, 4 available
 Memory: 10205M
 Large Page Support: Disabled
 NUMA Support: Disabled
 Compressed Oops: Enabled (32-bit)
 Heap Region Size: 1M
 Heap Min Capacity: 8M
 Heap Initial Capacity: 160M
 Heap Max Capacity: 2G
 Pre-touch: Disabled
 Parallel Workers: 4
 Concurrent Workers: 1
 Concurrent Refinement Workers: 4
 Periodic GC: Disabled

Heap:
 garbage-first heap   total 319488K, used 271360K [0x0000000080000000, 0x0000000100000000)
  region size 1024K, 11 young (11264K), 4 survivors (4096K)
 Metaspace       used 125643K, committed 126656K, reserved 1163264K
  class space    used 16763K, committed 17216K, reserved 1048576K

Heap Regions: E=young(eden), S=young(survivor), O=old, HS=humongous(starts), HC=humongous(continues), CS=collection set, F=free, OA=open archive, CA=closed archive, TAMS=top-at-mark-start (previous, next)
|   0|0x0000000080000000, 0x0000000080100000, 0x0000000080100000|100%| O|  |TAMS 0x0000000080100000, 0x0000000080100000| Untracked 
|   1|0x0000000080100000, 0x0000000080200000, 0x0000000080200000|100%| O|  |TAMS 0x0000000080200000, 0x0000000080200000| Untracked 
|   2|0x0000000080200000, 0x0000000080300000, 0x0000000080300000|100%|HS|  |TAMS 0x0000000080300000, 0x0000000080300000| Complete 
|   3|0x0000000080300000, 0x0000000080400000, 0x0000000080400000|100%|HC|  |TAMS 0x0000000080400000, 0x0000000080400000| Complete 
|   4|0x0000000080400000, 0x0000000080500000, 0x0000000080500000|100%|HC|  |TAMS 0x0000000080500000, 0x0000000080500000| Complete 
|   5|0x0000000080500000, 0x0000000080600000, 0x0000000080600000|100%|HC|  |TAMS 0x0000000080600000, 0x0000000080600000| Complete 
|   6|0x0000000080600000, 0x0000000080700000, 0x0000000080700000|100%| O|  |TAMS 0x0000000080700000, 0x0000000080700000| Untracked 
|   7|0x0000000080700000, 0x0000000080800000, 0x0000000080800000|100%| O|  |TAMS 0x0000000080800000, 0x0000000080800000| Untracked 
|   8|0x0000000080800000, 0x0000000080900000, 0x0000000080900000|100%| O|  |TAMS 0x0000000080900000, 0x0000000080900000| Untracked 
|   9|0x0000000080900000, 0x0000000080a00000, 0x0000000080a00000|100%| O|  |TAMS 0x0000000080a00000, 0x0000000080a00000| Untracked 
|  10|0x0000000080a00000, 0x0000000080b00000, 0x0000000080b00000|100%| O|  |TAMS 0x0000000080b00000, 0x0000000080b00000| Untracked 
|  11|0x0000000080b00000, 0x0000000080c00000, 0x0000000080c00000|100%|HS|  |TAMS 0x0000000080c00000, 0x0000000080c00000| Complete 
|  12|0x0000000080c00000, 0x0000000080d00000, 0x0000000080d00000|100%| O|  |TAMS 0x0000000080d00000, 0x0000000080d00000| Untracked 
|  13|0x0000000080d00000, 0x0000000080e00000, 0x0000000080e00000|100%| O|  |TAMS 0x0000000080e00000, 0x0000000080e00000| Untracked 
|  14|0x0000000080e00000, 0x0000000080f00000, 0x0000000080f00000|100%| O|  |TAMS 0x0000000080f00000, 0x0000000080f00000| Untracked 
|  15|0x0000000080f00000, 0x0000000081000000, 0x0000000081000000|100%| O|  |TAMS 0x0000000081000000, 0x0000000081000000| Untracked 
|  16|0x0000000081000000, 0x0000000081100000, 0x0000000081100000|100%| O|  |TAMS 0x0000000081100000, 0x0000000081100000| Untracked 
|  17|0x0000000081100000, 0x0000000081200000, 0x0000000081200000|100%| O|  |TAMS 0x0000000081200000, 0x0000000081200000| Untracked 
|  18|0x0000000081200000, 0x0000000081300000, 0x0000000081300000|100%| O|  |TAMS 0x0000000081300000, 0x0000000081300000| Untracked 
|  19|0x0000000081300000, 0x0000000081400000, 0x0000000081400000|100%| O|  |TAMS 0x0000000081400000, 0x0000000081400000| Untracked 
|  20|0x0000000081400000, 0x0000000081500000, 0x0000000081500000|100%| O|  |TAMS 0x0000000081500000, 0x0000000081500000| Untracked 
|  21|0x0000000081500000, 0x0000000081600000, 0x0000000081600000|100%|HS|  |TAMS 0x0000000081600000, 0x0000000081600000| Complete 
|  22|0x0000000081600000, 0x0000000081700000, 0x0000000081700000|100%|HC|  |TAMS 0x0000000081700000, 0x0000000081700000| Complete 
|  23|0x0000000081700000, 0x0000000081800000, 0x0000000081800000|100%|HS|  |TAMS 0x0000000081800000, 0x0000000081800000| Complete 
|  24|0x0000000081800000, 0x0000000081900000, 0x0000000081900000|100%|HC|  |TAMS 0x0000000081900000, 0x0000000081900000| Complete 
|  25|0x0000000081900000, 0x0000000081a00000, 0x0000000081a00000|100%|HC|  |TAMS 0x0000000081a00000, 0x0000000081a00000| Complete 
|  26|0x0000000081a00000, 0x0000000081b00000, 0x0000000081b00000|100%|HS|  |TAMS 0x0000000081b00000, 0x0000000081b00000| Complete 
|  27|0x0000000081b00000, 0x0000000081c00000, 0x0000000081c00000|100%|HC|  |TAMS 0x0000000081c00000, 0x0000000081c00000| Complete 
|  28|0x0000000081c00000, 0x0000000081d00000, 0x0000000081d00000|100%|HC|  |TAMS 0x0000000081d00000, 0x0000000081d00000| Complete 
|  29|0x0000000081d00000, 0x0000000081e00000, 0x0000000081e00000|100%|HS|  |TAMS 0x0000000081e00000, 0x0000000081e00000| Complete 
|  30|0x0000000081e00000, 0x0000000081f00000, 0x0000000081f00000|100%|HC|  |TAMS 0x0000000081f00000, 0x0000000081f00000| Complete 
|  31|0x0000000081f00000, 0x0000000082000000, 0x0000000082000000|100%|HS|  |TAMS 0x0000000082000000, 0x0000000082000000| Complete 
|  32|0x0000000082000000, 0x0000000082100000, 0x0000000082100000|100%|HC|  |TAMS 0x0000000082100000, 0x0000000082100000| Complete 
|  33|0x0000000082100000, 0x0000000082200000, 0x0000000082200000|100%|HC|  |TAMS 0x0000000082200000, 0x0000000082200000| Complete 
|  34|0x0000000082200000, 0x0000000082300000, 0x0000000082300000|100%|HC|  |TAMS 0x0000000082300000, 0x0000000082300000| Complete 
|  35|0x0000000082300000, 0x0000000082400000, 0x0000000082400000|100%|HC|  |TAMS 0x0000000082400000, 0x0000000082400000| Complete 
|  36|0x0000000082400000, 0x0000000082500000, 0x0000000082500000|100%|HC|  |TAMS 0x0000000082500000, 0x0000000082500000| Complete 
|  37|0x0000000082500000, 0x0000000082600000, 0x0000000082600000|100%|HS|  |TAMS 0x0000000082600000, 0x0000000082600000| Complete 
|  38|0x0000000082600000, 0x0000000082700000, 0x0000000082700000|100%|HC|  |TAMS 0x0000000082700000, 0x0000000082700000| Complete 
|  39|0x0000000082700000, 0x0000000082800000, 0x0000000082800000|100%| O|  |TAMS 0x0000000082800000, 0x0000000082800000| Untracked 
|  40|0x0000000082800000, 0x0000000082900000, 0x0000000082900000|100%| O|  |TAMS 0x0000000082900000, 0x0000000082900000| Untracked 
|  41|0x0000000082900000, 0x0000000082a00000, 0x0000000082a00000|100%| O|  |TAMS 0x0000000082a00000, 0x0000000082a00000| Untracked 
|  42|0x0000000082a00000, 0x0000000082b00000, 0x0000000082b00000|100%| O|  |TAMS 0x0000000082b00000, 0x0000000082b00000| Untracked 
|  43|0x0000000082b00000, 0x0000000082c00000, 0x0000000082c00000|100%| O|  |TAMS 0x0000000082c00000, 0x0000000082c00000| Untracked 
|  44|0x0000000082c00000, 0x0000000082d00000, 0x0000000082d00000|100%| O|  |TAMS 0x0000000082d00000, 0x0000000082d00000| Untracked 
|  45|0x0000000082d00000, 0x0000000082e00000, 0x0000000082e00000|100%| O|  |TAMS 0x0000000082e00000, 0x0000000082e00000| Untracked 
|  46|0x0000000082e00000, 0x0000000082f00000, 0x0000000082f00000|100%| O|  |TAMS 0x0000000082e00000, 0x0000000082f00000| Untracked 
|  47|0x0000000082f00000, 0x0000000083000000, 0x0000000083000000|100%|HS|  |TAMS 0x0000000083000000, 0x0000000083000000| Complete 
|  48|0x0000000083000000, 0x0000000083100000, 0x0000000083100000|100%|HC|  |TAMS 0x0000000083100000, 0x0000000083100000| Complete 
|  49|0x0000000083100000, 0x0000000083200000, 0x0000000083200000|100%|HC|  |TAMS 0x0000000083200000, 0x0000000083200000| Complete 
|  50|0x0000000083200000, 0x0000000083300000, 0x0000000083300000|100%|HC|  |TAMS 0x0000000083300000, 0x0000000083300000| Complete 
|  51|0x0000000083300000, 0x0000000083400000, 0x0000000083400000|100%|HC|  |TAMS 0x0000000083400000, 0x0000000083400000| Complete 
|  52|0x0000000083400000, 0x0000000083500000, 0x0000000083500000|100%|HC|  |TAMS 0x0000000083500000, 0x0000000083500000| Complete 
|  53|0x0000000083500000, 0x0000000083600000, 0x0000000083600000|100%|HC|  |TAMS 0x0000000083600000, 0x0000000083600000| Complete 
|  54|0x0000000083600000, 0x0000000083700000, 0x0000000083700000|100%|HC|  |TAMS 0x0000000083700000, 0x0000000083700000| Complete 
|  55|0x0000000083700000, 0x0000000083800000, 0x0000000083800000|100%|HC|  |TAMS 0x0000000083800000, 0x0000000083800000| Complete 
|  56|0x0000000083800000, 0x0000000083900000, 0x0000000083900000|100%|HC|  |TAMS 0x0000000083900000, 0x0000000083900000| Complete 
|  57|0x0000000083900000, 0x0000000083a00000, 0x0000000083a00000|100%| O|  |TAMS 0x0000000083a00000, 0x0000000083a00000| Untracked 
|  58|0x0000000083a00000, 0x0000000083b00000, 0x0000000083b00000|100%| O|  |TAMS 0x0000000083b00000, 0x0000000083b00000| Untracked 
|  59|0x0000000083b00000, 0x0000000083c00000, 0x0000000083c00000|100%| O|  |TAMS 0x0000000083c00000, 0x0000000083c00000| Untracked 
|  60|0x0000000083c00000, 0x0000000083d00000, 0x0000000083d00000|100%| O|  |TAMS 0x0000000083d00000, 0x0000000083d00000| Untracked 
|  61|0x0000000083d00000, 0x0000000083e00000, 0x0000000083e00000|100%| O|  |TAMS 0x0000000083e00000, 0x0000000083e00000| Untracked 
|  62|0x0000000083e00000, 0x0000000083f00000, 0x0000000083f00000|100%| O|  |TAMS 0x0000000083f00000, 0x0000000083f00000| Untracked 
|  63|0x0000000083f00000, 0x0000000084000000, 0x0000000084000000|100%|HS|  |TAMS 0x0000000084000000, 0x0000000084000000| Complete 
|  64|0x0000000084000000, 0x0000000084100000, 0x0000000084100000|100%|HC|  |TAMS 0x0000000084100000, 0x0000000084100000| Complete 
|  65|0x0000000084100000, 0x0000000084200000, 0x0000000084200000|100%|HC|  |TAMS 0x0000000084200000, 0x0000000084200000| Complete 
|  66|0x0000000084200000, 0x0000000084300000, 0x0000000084300000|100%|HC|  |TAMS 0x0000000084300000, 0x0000000084300000| Complete 
|  67|0x0000000084300000, 0x0000000084400000, 0x0000000084400000|100%|HC|  |TAMS 0x0000000084400000, 0x0000000084400000| Complete 
|  68|0x0000000084400000, 0x0000000084500000, 0x0000000084500000|100%|HC|  |TAMS 0x0000000084500000, 0x0000000084500000| Complete 
|  69|0x0000000084500000, 0x0000000084600000, 0x0000000084600000|100%|HC|  |TAMS 0x0000000084600000, 0x0000000084600000| Complete 
|  70|0x0000000084600000, 0x0000000084700000, 0x0000000084700000|100%|HC|  |TAMS 0x0000000084700000, 0x0000000084700000| Complete 
|  71|0x0000000084700000, 0x0000000084800000, 0x0000000084800000|100%|HC|  |TAMS 0x0000000084800000, 0x0000000084800000| Complete 
|  72|0x0000000084800000, 0x0000000084900000, 0x0000000084900000|100%|HC|  |TAMS 0x0000000084900000, 0x0000000084900000| Complete 
|  73|0x0000000084900000, 0x0000000084a00000, 0x0000000084a00000|100%|HC|  |TAMS 0x0000000084a00000, 0x0000000084a00000| Complete 
|  74|0x0000000084a00000, 0x0000000084b00000, 0x0000000084b00000|100%|HS|  |TAMS 0x0000000084b00000, 0x0000000084b00000| Complete 
|  75|0x0000000084b00000, 0x0000000084c00000, 0x0000000084c00000|100%|HC|  |TAMS 0x0000000084c00000, 0x0000000084c00000| Complete 
|  76|0x0000000084c00000, 0x0000000084d00000, 0x0000000084d00000|100%| O|  |TAMS 0x0000000084d00000, 0x0000000084d00000| Untracked 
|  77|0x0000000084d00000, 0x0000000084e00000, 0x0000000084e00000|100%|HS|  |TAMS 0x0000000084e00000, 0x0000000084e00000| Complete 
|  78|0x0000000084e00000, 0x0000000084f00000, 0x0000000084f00000|100%|HC|  |TAMS 0x0000000084f00000, 0x0000000084f00000| Complete 
|  79|0x0000000084f00000, 0x0000000085000000, 0x0000000085000000|100%|HC|  |TAMS 0x0000000085000000, 0x0000000085000000| Complete 
|  80|0x0000000085000000, 0x0000000085100000, 0x0000000085100000|100%|HS|  |TAMS 0x0000000085100000, 0x0000000085100000| Complete 
|  81|0x0000000085100000, 0x0000000085200000, 0x0000000085200000|100%|HC|  |TAMS 0x0000000085200000, 0x0000000085200000| Complete 
|  82|0x0000000085200000, 0x0000000085300000, 0x0000000085300000|100%|HC|  |TAMS 0x0000000085300000, 0x0000000085300000| Complete 
|  83|0x0000000085300000, 0x0000000085400000, 0x0000000085400000|100%|HS|  |TAMS 0x0000000085400000, 0x0000000085400000| Complete 
|  84|0x0000000085400000, 0x0000000085500000, 0x0000000085500000|100%|HC|  |TAMS 0x0000000085500000, 0x0000000085500000| Complete 
|  85|0x0000000085500000, 0x0000000085600000, 0x0000000085600000|100%| O|  |TAMS 0x0000000085600000, 0x0000000085600000| Untracked 
|  86|0x0000000085600000, 0x0000000085700000, 0x0000000085700000|100%| O|  |TAMS 0x0000000085700000, 0x0000000085700000| Untracked 
|  87|0x0000000085700000, 0x0000000085800000, 0x0000000085800000|100%| O|  |TAMS 0x0000000085800000, 0x0000000085800000| Untracked 
|  88|0x0000000085800000, 0x0000000085900000, 0x0000000085900000|100%| O|  |TAMS 0x0000000085900000, 0x0000000085900000| Untracked 
|  89|0x0000000085900000, 0x0000000085a00000, 0x0000000085a00000|100%| O|  |TAMS 0x0000000085a00000, 0x0000000085a00000| Untracked 
|  90|0x0000000085a00000, 0x0000000085b00000, 0x0000000085b00000|100%| O|  |TAMS 0x0000000085b00000, 0x0000000085b00000| Untracked 
|  91|0x0000000085b00000, 0x0000000085c00000, 0x0000000085c00000|100%|HS|  |TAMS 0x0000000085c00000, 0x0000000085c00000| Complete 
|  92|0x0000000085c00000, 0x0000000085d00000, 0x0000000085d00000|100%|HC|  |TAMS 0x0000000085d00000, 0x0000000085d00000| Complete 
|  93|0x0000000085d00000, 0x0000000085e00000, 0x0000000085e00000|100%|HC|  |TAMS 0x0000000085e00000, 0x0000000085e00000| Complete 
|  94|0x0000000085e00000, 0x0000000085f00000, 0x0000000085f00000|100%|HC|  |TAMS 0x0000000085f00000, 0x0000000085f00000| Complete 
|  95|0x0000000085f00000, 0x0000000086000000, 0x0000000086000000|100%|HC|  |TAMS 0x0000000086000000, 0x0000000086000000| Complete 
|  96|0x0000000086000000, 0x0000000086100000, 0x0000000086100000|100%|HC|  |TAMS 0x0000000086100000, 0x0000000086100000| Complete 
|  97|0x0000000086100000, 0x0000000086200000, 0x0000000086200000|100%|HS|  |TAMS 0x0000000086200000, 0x0000000086200000| Complete 
|  98|0x0000000086200000, 0x0000000086300000, 0x0000000086300000|100%| O|  |TAMS 0x0000000086300000, 0x0000000086300000| Untracked 
|  99|0x0000000086300000, 0x0000000086400000, 0x0000000086400000|100%| O|  |TAMS 0x0000000086400000, 0x0000000086400000| Untracked 
| 100|0x0000000086400000, 0x0000000086500000, 0x0000000086500000|100%| O|  |TAMS 0x0000000086500000, 0x0000000086500000| Untracked 
| 101|0x0000000086500000, 0x0000000086600000, 0x0000000086600000|100%| O|  |TAMS 0x0000000086600000, 0x0000000086600000| Untracked 
| 102|0x0000000086600000, 0x0000000086700000, 0x0000000086700000|100%| O|  |TAMS 0x0000000086700000, 0x0000000086700000| Untracked 
| 103|0x0000000086700000, 0x0000000086800000, 0x0000000086800000|100%| O|  |TAMS 0x0000000086800000, 0x0000000086800000| Untracked 
| 104|0x0000000086800000, 0x0000000086900000, 0x0000000086900000|100%| O|  |TAMS 0x0000000086800000, 0x0000000086900000| Untracked 
| 105|0x0000000086900000, 0x0000000086a00000, 0x0000000086a00000|100%|HS|  |TAMS 0x0000000086a00000, 0x0000000086a00000| Complete 
| 106|0x0000000086a00000, 0x0000000086b00000, 0x0000000086b00000|100%|HS|  |TAMS 0x0000000086b00000, 0x0000000086b00000| Complete 
| 107|0x0000000086b00000, 0x0000000086c00000, 0x0000000086c00000|100%|HC|  |TAMS 0x0000000086c00000, 0x0000000086c00000| Complete 
| 108|0x0000000086c00000, 0x0000000086d00000, 0x0000000086d00000|100%|HS|  |TAMS 0x0000000086d00000, 0x0000000086d00000| Complete 
| 109|0x0000000086d00000, 0x0000000086e00000, 0x0000000086e00000|100%|HS|  |TAMS 0x0000000086e00000, 0x0000000086e00000| Complete 
| 110|0x0000000086e00000, 0x0000000086f00000, 0x0000000086f00000|100%|HC|  |TAMS 0x0000000086f00000, 0x0000000086f00000| Complete 
| 111|0x0000000086f00000, 0x0000000087000000, 0x0000000087000000|100%|HC|  |TAMS 0x0000000087000000, 0x0000000087000000| Complete 
| 112|0x0000000087000000, 0x0000000087100000, 0x0000000087100000|100%|HC|  |TAMS 0x0000000087100000, 0x0000000087100000| Complete 
| 113|0x0000000087100000, 0x0000000087200000, 0x0000000087200000|100%| O|  |TAMS 0x0000000087200000, 0x0000000087200000| Untracked 
| 114|0x0000000087200000, 0x0000000087300000, 0x0000000087300000|100%| O|  |TAMS 0x0000000087300000, 0x0000000087300000| Untracked 
| 115|0x0000000087300000, 0x0000000087400000, 0x0000000087400000|100%| O|  |TAMS 0x0000000087400000, 0x0000000087400000| Untracked 
| 116|0x0000000087400000, 0x0000000087500000, 0x0000000087500000|100%| O|  |TAMS 0x0000000087500000, 0x0000000087500000| Untracked 
| 117|0x0000000087500000, 0x0000000087600000, 0x0000000087600000|100%| O|  |TAMS 0x0000000087600000, 0x0000000087600000| Untracked 
| 118|0x0000000087600000, 0x0000000087700000, 0x0000000087700000|100%| O|  |TAMS 0x0000000087700000, 0x0000000087700000| Untracked 
| 119|0x0000000087700000, 0x0000000087800000, 0x0000000087800000|100%| O|  |TAMS 0x0000000087800000, 0x0000000087800000| Untracked 
| 120|0x0000000087800000, 0x0000000087900000, 0x0000000087900000|100%| O|  |TAMS 0x0000000087900000, 0x0000000087900000| Untracked 
| 121|0x0000000087900000, 0x0000000087a00000, 0x0000000087a00000|100%| O|  |TAMS 0x0000000087a00000, 0x0000000087a00000| Untracked 
| 122|0x0000000087a00000, 0x0000000087b00000, 0x0000000087b00000|100%| O|  |TAMS 0x0000000087b00000, 0x0000000087b00000| Untracked 
| 123|0x0000000087b00000, 0x0000000087c00000, 0x0000000087c00000|100%| O|  |TAMS 0x0000000087c00000, 0x0000000087c00000| Untracked 
| 124|0x0000000087c00000, 0x0000000087d00000, 0x0000000087d00000|100%| O|  |TAMS 0x0000000087d00000, 0x0000000087d00000| Untracked 
| 125|0x0000000087d00000, 0x0000000087e00000, 0x0000000087e00000|100%| O|  |TAMS 0x0000000087e00000, 0x0000000087e00000| Untracked 
| 126|0x0000000087e00000, 0x0000000087f00000, 0x0000000087f00000|100%| O|  |TAMS 0x0000000087f00000, 0x0000000087f00000| Untracked 
| 127|0x0000000087f00000, 0x0000000088000000, 0x0000000088000000|100%| O|  |TAMS 0x0000000088000000, 0x0000000088000000| Untracked 
| 128|0x0000000088000000, 0x0000000088100000, 0x0000000088100000|100%| O|  |TAMS 0x0000000088100000, 0x0000000088100000| Untracked 
| 129|0x0000000088100000, 0x0000000088200000, 0x0000000088200000|100%| O|  |TAMS 0x0000000088200000, 0x0000000088200000| Untracked 
| 130|0x0000000088200000, 0x0000000088300000, 0x0000000088300000|100%| O|  |TAMS 0x0000000088300000, 0x0000000088300000| Untracked 
| 131|0x0000000088300000, 0x0000000088400000, 0x0000000088400000|100%| O|  |TAMS 0x0000000088400000, 0x0000000088400000| Untracked 
| 132|0x0000000088400000, 0x0000000088500000, 0x0000000088500000|100%| O|  |TAMS 0x0000000088500000, 0x0000000088500000| Untracked 
| 133|0x0000000088500000, 0x0000000088600000, 0x0000000088600000|100%| O|  |TAMS 0x0000000088600000, 0x0000000088600000| Untracked 
| 134|0x0000000088600000, 0x0000000088700000, 0x0000000088700000|100%| O|  |TAMS 0x0000000088700000, 0x0000000088700000| Untracked 
| 135|0x0000000088700000, 0x0000000088800000, 0x0000000088800000|100%| O|  |TAMS 0x0000000088800000, 0x0000000088800000| Untracked 
| 136|0x0000000088800000, 0x0000000088900000, 0x0000000088900000|100%|HS|  |TAMS 0x0000000088900000, 0x0000000088900000| Complete 
| 137|0x0000000088900000, 0x0000000088a00000, 0x0000000088a00000|100%|HC|  |TAMS 0x0000000088a00000, 0x0000000088a00000| Complete 
| 138|0x0000000088a00000, 0x0000000088b00000, 0x0000000088b00000|100%|HS|  |TAMS 0x0000000088b00000, 0x0000000088b00000| Complete 
| 139|0x0000000088b00000, 0x0000000088c00000, 0x0000000088c00000|100%|HC|  |TAMS 0x0000000088c00000, 0x0000000088c00000| Complete 
| 140|0x0000000088c00000, 0x0000000088d00000, 0x0000000088d00000|100%|HC|  |TAMS 0x0000000088d00000, 0x0000000088d00000| Complete 
| 141|0x0000000088d00000, 0x0000000088e00000, 0x0000000088e00000|100%|HS|  |TAMS 0x0000000088e00000, 0x0000000088e00000| Complete 
| 142|0x0000000088e00000, 0x0000000088f00000, 0x0000000088f00000|100%|HC|  |TAMS 0x0000000088f00000, 0x0000000088f00000| Complete 
| 143|0x0000000088f00000, 0x0000000089000000, 0x0000000089000000|100%|HC|  |TAMS 0x0000000089000000, 0x0000000089000000| Complete 
| 144|0x0000000089000000, 0x0000000089100000, 0x0000000089100000|100%|HS|  |TAMS 0x0000000089100000, 0x0000000089100000| Complete 
| 145|0x0000000089100000, 0x0000000089200000, 0x0000000089200000|100%|HC|  |TAMS 0x0000000089200000, 0x0000000089200000| Complete 
| 146|0x0000000089200000, 0x0000000089300000, 0x0000000089300000|100%|HS|  |TAMS 0x0000000089300000, 0x0000000089300000| Complete 
| 147|0x0000000089300000, 0x0000000089400000, 0x0000000089400000|100%|HC|  |TAMS 0x0000000089400000, 0x0000000089400000| Complete 
| 148|0x0000000089400000, 0x0000000089500000, 0x0000000089500000|100%|HC|  |TAMS 0x0000000089500000, 0x0000000089500000| Complete 
| 149|0x0000000089500000, 0x0000000089600000, 0x0000000089600000|100%|HC|  |TAMS 0x0000000089600000, 0x0000000089600000| Complete 
| 150|0x0000000089600000, 0x0000000089700000, 0x0000000089700000|100%|HC|  |TAMS 0x0000000089700000, 0x0000000089700000| Complete 
| 151|0x0000000089700000, 0x0000000089800000, 0x0000000089800000|100%|HC|  |TAMS 0x0000000089800000, 0x0000000089800000| Complete 
| 152|0x0000000089800000, 0x0000000089900000, 0x0000000089900000|100%|HS|  |TAMS 0x0000000089900000, 0x0000000089900000| Complete 
| 153|0x0000000089900000, 0x0000000089a00000, 0x0000000089a00000|100%|HS|  |TAMS 0x0000000089a00000, 0x0000000089a00000| Complete 
| 154|0x0000000089a00000, 0x0000000089b00000, 0x0000000089b00000|100%|HC|  |TAMS 0x0000000089b00000, 0x0000000089b00000| Complete 
| 155|0x0000000089b00000, 0x0000000089c00000, 0x0000000089c00000|100%|HC|  |TAMS 0x0000000089c00000, 0x0000000089c00000| Complete 
| 156|0x0000000089c00000, 0x0000000089d00000, 0x0000000089d00000|100%|HC|  |TAMS 0x0000000089d00000, 0x0000000089d00000| Complete 
| 157|0x0000000089d00000, 0x0000000089e00000, 0x0000000089e00000|100%|HC|  |TAMS 0x0000000089e00000, 0x0000000089e00000| Complete 
| 158|0x0000000089e00000, 0x0000000089f00000, 0x0000000089f00000|100%|HC|  |TAMS 0x0000000089f00000, 0x0000000089f00000| Complete 
| 159|0x0000000089f00000, 0x000000008a000000, 0x000000008a000000|100%|HC|  |TAMS 0x000000008a000000, 0x000000008a000000| Complete 
| 160|0x000000008a000000, 0x000000008a100000, 0x000000008a100000|100%|HC|  |TAMS 0x000000008a100000, 0x000000008a100000| Complete 
| 161|0x000000008a100000, 0x000000008a200000, 0x000000008a200000|100%|HC|  |TAMS 0x000000008a200000, 0x000000008a200000| Complete 
| 162|0x000000008a200000, 0x000000008a300000, 0x000000008a300000|100%|HC|  |TAMS 0x000000008a300000, 0x000000008a300000| Complete 
| 163|0x000000008a300000, 0x000000008a400000, 0x000000008a400000|100%|HS|  |TAMS 0x000000008a400000, 0x000000008a400000| Complete 
| 164|0x000000008a400000, 0x000000008a500000, 0x000000008a500000|100%|HC|  |TAMS 0x000000008a500000, 0x000000008a500000| Complete 
| 165|0x000000008a500000, 0x000000008a600000, 0x000000008a600000|100%| O|  |TAMS 0x000000008a600000, 0x000000008a600000| Untracked 
| 166|0x000000008a600000, 0x000000008a700000, 0x000000008a700000|100%| O|  |TAMS 0x000000008a700000, 0x000000008a700000| Untracked 
| 167|0x000000008a700000, 0x000000008a800000, 0x000000008a800000|100%| O|  |TAMS 0x000000008a800000, 0x000000008a800000| Untracked 
| 168|0x000000008a800000, 0x000000008a900000, 0x000000008a900000|100%| O|  |TAMS 0x000000008a900000, 0x000000008a900000| Untracked 
| 169|0x000000008a900000, 0x000000008aa00000, 0x000000008aa00000|100%| O|  |TAMS 0x000000008aa00000, 0x000000008aa00000| Untracked 
| 170|0x000000008aa00000, 0x000000008ab00000, 0x000000008ab00000|100%| O|  |TAMS 0x000000008aa00000, 0x000000008ab00000| Untracked 
| 171|0x000000008ab00000, 0x000000008ac00000, 0x000000008ac00000|100%| O|  |TAMS 0x000000008ac00000, 0x000000008ac00000| Untracked 
| 172|0x000000008ac00000, 0x000000008ad00000, 0x000000008ad00000|100%| O|  |TAMS 0x000000008ad00000, 0x000000008ad00000| Untracked 
| 173|0x000000008ad00000, 0x000000008ae00000, 0x000000008ae00000|100%| O|  |TAMS 0x000000008ae00000, 0x000000008ae00000| Untracked 
| 174|0x000000008ae00000, 0x000000008af00000, 0x000000008af00000|100%| O|  |TAMS 0x000000008af00000, 0x000000008af00000| Untracked 
| 175|0x000000008af00000, 0x000000008b000000, 0x000000008b000000|100%| O|  |TAMS 0x000000008b000000, 0x000000008b000000| Untracked 
| 176|0x000000008b000000, 0x000000008b100000, 0x000000008b100000|100%| O|  |TAMS 0x000000008b100000, 0x000000008b100000| Untracked 
| 177|0x000000008b100000, 0x000000008b200000, 0x000000008b200000|100%| O|  |TAMS 0x000000008b200000, 0x000000008b200000| Untracked 
| 178|0x000000008b200000, 0x000000008b300000, 0x000000008b300000|100%| O|  |TAMS 0x000000008b300000, 0x000000008b300000| Untracked 
| 179|0x000000008b300000, 0x000000008b400000, 0x000000008b400000|100%| O|  |TAMS 0x000000008b300000, 0x000000008b400000| Untracked 
| 180|0x000000008b400000, 0x000000008b500000, 0x000000008b500000|100%| O|  |TAMS 0x000000008b400000, 0x000000008b500000| Untracked 
| 181|0x000000008b500000, 0x000000008b600000, 0x000000008b600000|100%| O|  |TAMS 0x000000008b500000, 0x000000008b600000| Untracked 
| 182|0x000000008b600000, 0x000000008b700000, 0x000000008b700000|100%| O|  |TAMS 0x000000008b600000, 0x000000008b700000| Untracked 
| 183|0x000000008b700000, 0x000000008b800000, 0x000000008b800000|100%| O|  |TAMS 0x000000008b700000, 0x000000008b800000| Untracked 
| 184|0x000000008b800000, 0x000000008b900000, 0x000000008b900000|100%| O|  |TAMS 0x000000008b800000, 0x000000008b900000| Untracked 
| 185|0x000000008b900000, 0x000000008ba00000, 0x000000008ba00000|100%| O|  |TAMS 0x000000008b900000, 0x000000008ba00000| Untracked 
| 186|0x000000008ba00000, 0x000000008bb00000, 0x000000008bb00000|100%| O|  |TAMS 0x000000008ba00000, 0x000000008bb00000| Untracked 
| 187|0x000000008bb00000, 0x000000008bc00000, 0x000000008bc00000|100%| O|  |TAMS 0x000000008bb00000, 0x000000008bc00000| Untracked 
| 188|0x000000008bc00000, 0x000000008bd00000, 0x000000008bd00000|100%| O|  |TAMS 0x000000008bc00000, 0x000000008bd00000| Untracked 
| 189|0x000000008bd00000, 0x000000008be00000, 0x000000008be00000|100%| O|  |TAMS 0x000000008bd00000, 0x000000008be00000| Untracked 
| 190|0x000000008be00000, 0x000000008bf00000, 0x000000008bf00000|100%| O|  |TAMS 0x000000008be00000, 0x000000008bf00000| Untracked 
| 191|0x000000008bf00000, 0x000000008c000000, 0x000000008c000000|100%| O|  |TAMS 0x000000008bf00000, 0x000000008c000000| Untracked 
| 192|0x000000008c000000, 0x000000008c100000, 0x000000008c100000|100%| O|  |TAMS 0x000000008c000000, 0x000000008c100000| Untracked 
| 193|0x000000008c100000, 0x000000008c200000, 0x000000008c200000|100%| O|  |TAMS 0x000000008c100000, 0x000000008c200000| Untracked 
| 194|0x000000008c200000, 0x000000008c300000, 0x000000008c300000|100%| O|  |TAMS 0x000000008c200000, 0x000000008c300000| Untracked 
| 195|0x000000008c300000, 0x000000008c400000, 0x000000008c400000|100%| O|  |TAMS 0x000000008c300000, 0x000000008c400000| Untracked 
| 196|0x000000008c400000, 0x000000008c500000, 0x000000008c500000|100%| O|  |TAMS 0x000000008c400000, 0x000000008c500000| Untracked 
| 197|0x000000008c500000, 0x000000008c600000, 0x000000008c600000|100%| O|  |TAMS 0x000000008c500000, 0x000000008c600000| Untracked 
| 198|0x000000008c600000, 0x000000008c700000, 0x000000008c700000|100%| O|  |TAMS 0x000000008c600000, 0x000000008c700000| Untracked 
| 199|0x000000008c700000, 0x000000008c800000, 0x000000008c800000|100%| O|  |TAMS 0x000000008c700000, 0x000000008c800000| Untracked 
| 200|0x000000008c800000, 0x000000008c900000, 0x000000008c900000|100%| O|  |TAMS 0x000000008c800000, 0x000000008c900000| Untracked 
| 201|0x000000008c900000, 0x000000008ca00000, 0x000000008ca00000|100%| O|  |TAMS 0x000000008c900000, 0x000000008ca00000| Untracked 
| 202|0x000000008ca00000, 0x000000008cb00000, 0x000000008cb00000|100%| O|  |TAMS 0x000000008ca00000, 0x000000008cb00000| Untracked 
| 203|0x000000008cb00000, 0x000000008cc00000, 0x000000008cc00000|100%| O|  |TAMS 0x000000008cb00000, 0x000000008cc00000| Untracked 
| 204|0x000000008cc00000, 0x000000008cd00000, 0x000000008cd00000|100%| O|  |TAMS 0x000000008cc00000, 0x000000008cd00000| Untracked 
| 205|0x000000008cd00000, 0x000000008ce00000, 0x000000008ce00000|100%| O|  |TAMS 0x000000008cd00000, 0x000000008ce00000| Untracked 
| 206|0x000000008ce00000, 0x000000008cf00000, 0x000000008cf00000|100%| O|  |TAMS 0x000000008ce00000, 0x000000008cf00000| Untracked 
| 207|0x000000008cf00000, 0x000000008d000000, 0x000000008d000000|100%| O|  |TAMS 0x000000008cf00000, 0x000000008d000000| Untracked 
| 208|0x000000008d000000, 0x000000008d100000, 0x000000008d100000|100%| O|  |TAMS 0x000000008d000000, 0x000000008d100000| Untracked 
| 209|0x000000008d100000, 0x000000008d200000, 0x000000008d200000|100%| O|  |TAMS 0x000000008d100000, 0x000000008d200000| Untracked 
| 210|0x000000008d200000, 0x000000008d300000, 0x000000008d300000|100%| O|  |TAMS 0x000000008d200000, 0x000000008d300000| Untracked 
| 211|0x000000008d300000, 0x000000008d400000, 0x000000008d400000|100%| O|  |TAMS 0x000000008d300000, 0x000000008d400000| Untracked 
| 212|0x000000008d400000, 0x000000008d500000, 0x000000008d500000|100%| O|  |TAMS 0x000000008d400000, 0x000000008d500000| Untracked 
| 213|0x000000008d500000, 0x000000008d600000, 0x000000008d600000|100%| O|  |TAMS 0x000000008d500000, 0x000000008d600000| Untracked 
| 214|0x000000008d600000, 0x000000008d700000, 0x000000008d700000|100%| O|  |TAMS 0x000000008d600000, 0x000000008d700000| Untracked 
| 215|0x000000008d700000, 0x000000008d800000, 0x000000008d800000|100%| O|  |TAMS 0x000000008d700000, 0x000000008d800000| Untracked 
| 216|0x000000008d800000, 0x000000008d900000, 0x000000008d900000|100%| O|  |TAMS 0x000000008d800000, 0x000000008d900000| Untracked 
| 217|0x000000008d900000, 0x000000008da00000, 0x000000008da00000|100%| O|  |TAMS 0x000000008d900000, 0x000000008da00000| Untracked 
| 218|0x000000008da00000, 0x000000008db00000, 0x000000008db00000|100%| O|  |TAMS 0x000000008da00000, 0x000000008da00000| Untracked 
| 219|0x000000008db00000, 0x000000008dc00000, 0x000000008dc00000|100%| O|  |TAMS 0x000000008db00000, 0x000000008db00000| Untracked 
| 220|0x000000008dc00000, 0x000000008dd00000, 0x000000008dd00000|100%| O|  |TAMS 0x000000008dc00000, 0x000000008dd00000| Untracked 
| 221|0x000000008dd00000, 0x000000008de00000, 0x000000008de00000|100%| O|  |TAMS 0x000000008dd00000, 0x000000008de00000| Untracked 
| 222|0x000000008de00000, 0x000000008df00000, 0x000000008df00000|100%| O|  |TAMS 0x000000008de00000, 0x000000008df00000| Untracked 
| 223|0x000000008df00000, 0x000000008e000000, 0x000000008e000000|100%| O|  |TAMS 0x000000008df00000, 0x000000008e000000| Untracked 
| 224|0x000000008e000000, 0x000000008e100000, 0x000000008e100000|100%| O|  |TAMS 0x000000008e000000, 0x000000008e100000| Untracked 
| 225|0x000000008e100000, 0x000000008e200000, 0x000000008e200000|100%| O|  |TAMS 0x000000008e100000, 0x000000008e200000| Untracked 
| 226|0x000000008e200000, 0x000000008e300000, 0x000000008e300000|100%| O|  |TAMS 0x000000008e200000, 0x000000008e300000| Untracked 
| 227|0x000000008e300000, 0x000000008e400000, 0x000000008e400000|100%| O|  |TAMS 0x000000008e300000, 0x000000008e400000| Untracked 
| 228|0x000000008e400000, 0x000000008e500000, 0x000000008e500000|100%| O|  |TAMS 0x000000008e400000, 0x000000008e500000| Untracked 
| 229|0x000000008e500000, 0x000000008e600000, 0x000000008e600000|100%| O|  |TAMS 0x000000008e500000, 0x000000008e600000| Untracked 
| 230|0x000000008e600000, 0x000000008e700000, 0x000000008e700000|100%| O|  |TAMS 0x000000008e600000, 0x000000008e700000| Untracked 
| 231|0x000000008e700000, 0x000000008e800000, 0x000000008e800000|100%| O|  |TAMS 0x000000008e700000, 0x000000008e800000| Untracked 
| 232|0x000000008e800000, 0x000000008e900000, 0x000000008e900000|100%| O|  |TAMS 0x000000008e800000, 0x000000008e900000| Untracked 
| 233|0x000000008e900000, 0x000000008ea00000, 0x000000008ea00000|100%| O|  |TAMS 0x000000008e900000, 0x000000008ea00000| Untracked 
| 234|0x000000008ea00000, 0x000000008eb00000, 0x000000008eb00000|100%| O|  |TAMS 0x000000008ea00000, 0x000000008eb00000| Untracked 
| 235|0x000000008eb00000, 0x000000008ec00000, 0x000000008ec00000|100%| O|  |TAMS 0x000000008eb00000, 0x000000008ebb5e00| Untracked 
| 236|0x000000008ec00000, 0x000000008ed00000, 0x000000008ed00000|100%| O|  |TAMS 0x000000008ec00000, 0x000000008ec00000| Untracked 
| 237|0x000000008ed00000, 0x000000008ee00000, 0x000000008ee00000|100%| O|  |TAMS 0x000000008ed00000, 0x000000008ed00000| Untracked 
| 238|0x000000008ee00000, 0x000000008ef00000, 0x000000008ef00000|100%| O|  |TAMS 0x000000008ee00000, 0x000000008ee00000| Untracked 
| 239|0x000000008ef00000, 0x000000008f000000, 0x000000008f000000|100%| O|  |TAMS 0x000000008ef00000, 0x000000008ef00000| Untracked 
| 240|0x000000008f000000, 0x000000008f100000, 0x000000008f100000|100%| O|  |TAMS 0x000000008f000000, 0x000000008f000000| Untracked 
| 241|0x000000008f100000, 0x000000008f200000, 0x000000008f200000|100%|HS|  |TAMS 0x000000008f100000, 0x000000008f100000| Complete 
| 242|0x000000008f200000, 0x000000008f300000, 0x000000008f300000|100%|HS|  |TAMS 0x000000008f200000, 0x000000008f200000| Complete 
| 243|0x000000008f300000, 0x000000008f400000, 0x000000008f400000|100%|HC|  |TAMS 0x000000008f300000, 0x000000008f300000| Complete 
| 244|0x000000008f400000, 0x000000008f500000, 0x000000008f500000|100%|HS|  |TAMS 0x000000008f400000, 0x000000008f400000| Complete 
| 245|0x000000008f500000, 0x000000008f600000, 0x000000008f600000|100%|HC|  |TAMS 0x000000008f500000, 0x000000008f500000| Complete 
| 246|0x000000008f600000, 0x000000008f700000, 0x000000008f700000|100%|HC|  |TAMS 0x000000008f600000, 0x000000008f600000| Complete 
| 247|0x000000008f700000, 0x000000008f800000, 0x000000008f800000|100%|HC|  |TAMS 0x000000008f700000, 0x000000008f700000| Complete 
| 248|0x000000008f800000, 0x000000008f900000, 0x000000008f900000|100%|HS|  |TAMS 0x000000008f800000, 0x000000008f800000| Complete 
| 249|0x000000008f900000, 0x000000008fa00000, 0x000000008fa00000|100%|HC|  |TAMS 0x000000008f900000, 0x000000008f900000| Complete 
| 250|0x000000008fa00000, 0x000000008fb00000, 0x000000008fb00000|100%|HS|  |TAMS 0x000000008fa00000, 0x000000008fa00000| Complete 
| 251|0x000000008fb00000, 0x000000008fc00000, 0x000000008fc00000|100%|HC|  |TAMS 0x000000008fb00000, 0x000000008fb00000| Complete 
| 252|0x000000008fc00000, 0x000000008fd00000, 0x000000008fd00000|100%|HC|  |TAMS 0x000000008fc00000, 0x000000008fc00000| Complete 
| 253|0x000000008fd00000, 0x000000008fe00000, 0x000000008fe00000|100%|HS|  |TAMS 0x000000008fd00000, 0x000000008fd00000| Complete 
| 254|0x000000008fe00000, 0x000000008ff00000, 0x000000008ff00000|100%|HC|  |TAMS 0x000000008fe00000, 0x000000008fe00000| Complete 
| 255|0x000000008ff00000, 0x0000000090000000, 0x0000000090000000|100%|HC|  |TAMS 0x000000008ff00000, 0x000000008ff00000| Complete 
| 256|0x0000000090000000, 0x0000000090000000, 0x0000000090100000|  0%| F|  |TAMS 0x0000000090000000, 0x0000000090000000| Untracked 
| 257|0x0000000090100000, 0x0000000090100000, 0x0000000090200000|  0%| F|  |TAMS 0x0000000090100000, 0x0000000090100000| Untracked 
| 258|0x0000000090200000, 0x0000000090200000, 0x0000000090300000|  0%| F|  |TAMS 0x0000000090200000, 0x0000000090200000| Untracked 
| 259|0x0000000090300000, 0x0000000090300000, 0x0000000090400000|  0%| F|  |TAMS 0x0000000090300000, 0x0000000090300000| Untracked 
| 260|0x0000000090400000, 0x0000000090400000, 0x0000000090500000|  0%| F|  |TAMS 0x0000000090400000, 0x0000000090400000| Untracked 
| 261|0x0000000090500000, 0x0000000090500000, 0x0000000090600000|  0%| F|  |TAMS 0x0000000090500000, 0x0000000090500000| Untracked 
| 262|0x0000000090600000, 0x0000000090600000, 0x0000000090700000|  0%| F|  |TAMS 0x0000000090600000, 0x0000000090600000| Untracked 
| 263|0x0000000090700000, 0x0000000090700000, 0x0000000090800000|  0%| F|  |TAMS 0x0000000090700000, 0x0000000090700000| Untracked 
| 264|0x0000000090800000, 0x0000000090800000, 0x0000000090900000|  0%| F|  |TAMS 0x0000000090800000, 0x0000000090800000| Untracked 
| 265|0x0000000090900000, 0x0000000090900000, 0x0000000090a00000|  0%| F|  |TAMS 0x0000000090900000, 0x0000000090900000| Untracked 
| 266|0x0000000090a00000, 0x0000000090a00000, 0x0000000090b00000|  0%| F|  |TAMS 0x0000000090a00000, 0x0000000090a00000| Untracked 
| 267|0x0000000090b00000, 0x0000000090b00000, 0x0000000090c00000|  0%| F|  |TAMS 0x0000000090b00000, 0x0000000090b00000| Untracked 
| 268|0x0000000090c00000, 0x0000000090c00000, 0x0000000090d00000|  0%| F|  |TAMS 0x0000000090c00000, 0x0000000090c00000| Untracked 
| 269|0x0000000090d00000, 0x0000000090d00000, 0x0000000090e00000|  0%| F|  |TAMS 0x0000000090d00000, 0x0000000090d00000| Untracked 
| 270|0x0000000090e00000, 0x0000000090e00000, 0x0000000090f00000|  0%| F|  |TAMS 0x0000000090e00000, 0x0000000090e00000| Untracked 
| 271|0x0000000090f00000, 0x0000000090f00000, 0x0000000091000000|  0%| F|  |TAMS 0x0000000090f00000, 0x0000000090f00000| Untracked 
| 272|0x0000000091000000, 0x0000000091000000, 0x0000000091100000|  0%| F|  |TAMS 0x0000000091000000, 0x0000000091000000| Untracked 
| 273|0x0000000091100000, 0x0000000091100000, 0x0000000091200000|  0%| F|  |TAMS 0x0000000091100000, 0x0000000091100000| Untracked 
| 274|0x0000000091200000, 0x0000000091200000, 0x0000000091300000|  0%| F|  |TAMS 0x0000000091200000, 0x0000000091200000| Untracked 
| 275|0x0000000091300000, 0x0000000091300000, 0x0000000091400000|  0%| F|  |TAMS 0x0000000091300000, 0x0000000091300000| Untracked 
| 276|0x0000000091400000, 0x0000000091400000, 0x0000000091500000|  0%| F|  |TAMS 0x0000000091400000, 0x0000000091400000| Untracked 
| 277|0x0000000091500000, 0x0000000091500000, 0x0000000091600000|  0%| F|  |TAMS 0x0000000091500000, 0x0000000091500000| Untracked 
| 278|0x0000000091600000, 0x0000000091600000, 0x0000000091700000|  0%| F|  |TAMS 0x0000000091600000, 0x0000000091600000| Untracked 
| 279|0x0000000091700000, 0x0000000091700000, 0x0000000091800000|  0%| F|  |TAMS 0x0000000091700000, 0x0000000091700000| Untracked 
| 280|0x0000000091800000, 0x0000000091800000, 0x0000000091900000|  0%| F|  |TAMS 0x0000000091800000, 0x0000000091800000| Untracked 
| 281|0x0000000091900000, 0x0000000091900000, 0x0000000091a00000|  0%| F|  |TAMS 0x0000000091900000, 0x0000000091900000| Untracked 
| 282|0x0000000091a00000, 0x0000000091a00000, 0x0000000091b00000|  0%| F|  |TAMS 0x0000000091a00000, 0x0000000091a00000| Untracked 
| 283|0x0000000091b00000, 0x0000000091b00000, 0x0000000091c00000|  0%| F|  |TAMS 0x0000000091b00000, 0x0000000091b00000| Untracked 
| 284|0x0000000091c00000, 0x0000000091c00000, 0x0000000091d00000|  0%| F|  |TAMS 0x0000000091c00000, 0x0000000091c00000| Untracked 
| 285|0x0000000091d00000, 0x0000000091d00000, 0x0000000091e00000|  0%| F|  |TAMS 0x0000000091d00000, 0x0000000091d00000| Untracked 
| 286|0x0000000091e00000, 0x0000000091e00000, 0x0000000091f00000|  0%| F|  |TAMS 0x0000000091e00000, 0x0000000091e00000| Untracked 
| 287|0x0000000091f00000, 0x0000000091f00000, 0x0000000092000000|  0%| F|  |TAMS 0x0000000091f00000, 0x0000000091f00000| Untracked 
| 288|0x0000000092000000, 0x0000000092100000, 0x0000000092100000|100%| S|CS|TAMS 0x0000000092000000, 0x0000000092000000| Complete 
| 289|0x0000000092100000, 0x0000000092200000, 0x0000000092200000|100%| S|CS|TAMS 0x0000000092100000, 0x0000000092100000| Complete 
| 290|0x0000000092200000, 0x0000000092300000, 0x0000000092300000|100%| S|CS|TAMS 0x0000000092200000, 0x0000000092200000| Complete 
| 291|0x0000000092300000, 0x0000000092400000, 0x0000000092400000|100%| S|CS|TAMS 0x0000000092300000, 0x0000000092300000| Complete 
| 292|0x0000000092400000, 0x0000000092400000, 0x0000000092500000|  0%| F|  |TAMS 0x0000000092400000, 0x0000000092400000| Untracked 
| 293|0x0000000092500000, 0x0000000092500000, 0x0000000092600000|  0%| F|  |TAMS 0x0000000092500000, 0x0000000092500000| Untracked 
| 294|0x0000000092600000, 0x0000000092600000, 0x0000000092700000|  0%| F|  |TAMS 0x0000000092600000, 0x0000000092600000| Untracked 
| 295|0x0000000092700000, 0x0000000092700000, 0x0000000092800000|  0%| F|  |TAMS 0x0000000092700000, 0x0000000092700000| Untracked 
| 296|0x0000000092800000, 0x0000000092800000, 0x0000000092900000|  0%| F|  |TAMS 0x0000000092800000, 0x0000000092800000| Untracked 
| 297|0x0000000092900000, 0x0000000092900000, 0x0000000092a00000|  0%| F|  |TAMS 0x0000000092900000, 0x0000000092900000| Untracked 
| 298|0x0000000092a00000, 0x0000000092a00000, 0x0000000092b00000|  0%| F|  |TAMS 0x0000000092a00000, 0x0000000092a00000| Untracked 
| 299|0x0000000092b00000, 0x0000000092b00000, 0x0000000092c00000|  0%| F|  |TAMS 0x0000000092b00000, 0x0000000092b00000| Untracked 
| 300|0x0000000092c00000, 0x0000000092c00000, 0x0000000092d00000|  0%| F|  |TAMS 0x0000000092c00000, 0x0000000092c00000| Untracked 
| 301|0x0000000092d00000, 0x0000000092d00000, 0x0000000092e00000|  0%| F|  |TAMS 0x0000000092d00000, 0x0000000092d00000| Untracked 
| 302|0x0000000092e00000, 0x0000000092e00000, 0x0000000092f00000|  0%| F|  |TAMS 0x0000000092e00000, 0x0000000092e00000| Untracked 
| 303|0x0000000092f00000, 0x0000000092f00000, 0x0000000093000000|  0%| F|  |TAMS 0x0000000092f00000, 0x0000000092f00000| Untracked 
| 304|0x0000000093000000, 0x0000000093000000, 0x0000000093100000|  0%| F|  |TAMS 0x0000000093000000, 0x0000000093000000| Untracked 
| 305|0x0000000093100000, 0x0000000093163260, 0x0000000093200000| 38%| E|  |TAMS 0x0000000093100000, 0x0000000093100000| Complete 
| 306|0x0000000093200000, 0x0000000093300000, 0x0000000093300000|100%| E|CS|TAMS 0x0000000093200000, 0x0000000093200000| Complete 
| 307|0x0000000093300000, 0x0000000093400000, 0x0000000093400000|100%| E|CS|TAMS 0x0000000093300000, 0x0000000093300000| Complete 
| 308|0x0000000093400000, 0x0000000093500000, 0x0000000093500000|100%| E|  |TAMS 0x0000000093400000, 0x0000000093400000| Complete 
| 309|0x0000000093500000, 0x0000000093600000, 0x0000000093600000|100%| E|CS|TAMS 0x0000000093500000, 0x0000000093500000| Complete 
| 310|0x0000000093600000, 0x0000000093700000, 0x0000000093700000|100%| E|CS|TAMS 0x0000000093600000, 0x0000000093600000| Complete 
| 311|0x0000000093700000, 0x0000000093800000, 0x0000000093800000|100%| E|CS|TAMS 0x0000000093700000, 0x0000000093700000| Complete 

Card table byte_map: [0x00000274c4900000,0x00000274c4d00000] _byte_map_base: 0x00000274c4500000

Marking Bits (Prev, Next): (CMBitMap*) 0x00000274b2087610, (CMBitMap*) 0x00000274b2087650
 Prev Bits: [0x00000274c5100000, 0x00000274c7100000)
 Next Bits: [0x00000274c7100000, 0x00000274c9100000)

Polling page: 0x00000274affd0000

Metaspace:

Usage:
  Non-class:    106.33 MB used.
      Class:     16.37 MB used.
       Both:    122.70 MB used.

Virtual space:
  Non-class space:      112.00 MB reserved,     106.88 MB ( 95%) committed,  14 nodes.
      Class space:        1.00 GB reserved,      16.81 MB (  2%) committed,  1 nodes.
             Both:        1.11 GB reserved,     123.69 MB ( 11%) committed. 

Chunk freelists:
   Non-Class:  1.05 MB
       Class:  3.10 MB
        Both:  4.15 MB

MaxMetaspaceSize: unlimited
CompressedClassSpaceSize: 1.00 GB
Initial GC threshold: 21.00 MB
Current GC threshold: 175.56 MB
CDS: off
MetaspaceReclaimPolicy: balanced
 - commit_granule_bytes: 65536.
 - commit_granule_words: 8192.
 - virtual_space_node_default_size: 1048576.
 - enlarge_chunks_in_place: 1.
 - new_chunks_are_fully_committed: 0.
 - uncommit_free_chunks: 1.
 - use_allocation_guard: 0.
 - handle_deallocations: 1.


Internal statistics:

num_allocs_failed_limit: 6.
num_arena_births: 1510.
num_arena_deaths: 0.
num_vsnodes_births: 15.
num_vsnodes_deaths: 0.
num_space_committed: 1979.
num_space_uncommitted: 0.
num_chunks_returned_to_freelist: 6.
num_chunks_taken_from_freelist: 6400.
num_chunk_merges: 6.
num_chunk_splits: 4106.
num_chunks_enlarged: 2553.
num_purges: 0.
num_inconsistent_stats: 0.

CodeHeap 'non-profiled nmethods': size=120000Kb used=9554Kb max_used=9554Kb free=110445Kb
 bounds [0x00000274bcfd0000, 0x00000274bd930000, 0x00000274c4500000]
CodeHeap 'profiled nmethods': size=120000Kb used=28741Kb max_used=28741Kb free=91258Kb
 bounds [0x00000274b5500000, 0x00000274b7120000, 0x00000274bca30000]
CodeHeap 'non-nmethods': size=5760Kb used=2499Kb max_used=2595Kb free=3260Kb
 bounds [0x00000274bca30000, 0x00000274bccc0000, 0x00000274bcfd0000]
 total_blobs=15258 nmethods=14214 adapters=956
 compilation: enabled
              stopped_count=0, restarted_count=0
 full_count=0

Compilation events (20 events):
Event: 1090.912 Thread 0x00000274cc041330 16651       2       com.android.utils.XmlUtils::append (597 bytes)
Event: 1090.913 Thread 0x00000274cc041330 nmethod 16651 0x00000274b70f5090 code [0x00000274b70f5580, 0x00000274b70f6658]
Event: 1090.915 Thread 0x00000274cc041330 16652       2       java.lang.StringUTF16::inflate (42 bytes)
Event: 1090.916 Thread 0x00000274d40cdd70 nmethod 16645 0x00000274bd91a710 code [0x00000274bd91a8c0, 0x00000274bd91aeb8]
Event: 1090.916 Thread 0x00000274d40cdd70 16646       4       com.android.ide.common.resources.NodeUtils::updateNamespace (167 bytes)
Event: 1090.916 Thread 0x00000274cc041330 nmethod 16652 0x00000274b70f7490 code [0x00000274b70f7640, 0x00000274b70f7848]
Event: 1090.918 Thread 0x00000274cc041330 16654       2       java.lang.StringUTF16::putCharSB (12 bytes)
Event: 1090.918 Thread 0x00000274cc041330 nmethod 16654 0x00000274b70f7a10 code [0x00000274b70f7ba0, 0x00000274b70f7ce8]
Event: 1090.918 Thread 0x00000274cc041330 16655 %     3       com.android.utils.XmlUtils::toXmlAttributeValue @ 7 (89 bytes)
Event: 1090.920 Thread 0x00000274cc041330 nmethod 16655% 0x00000274b70f7e10 code [0x00000274b70f80e0, 0x00000274b70f9058]
Event: 1090.920 Thread 0x00000274cc041330 16657       2       com.android.utils.XmlUtils::toXmlTextValue (65 bytes)
Event: 1090.921 Thread 0x00000274cc041330 nmethod 16657 0x00000274b70f9690 code [0x00000274b70f98a0, 0x00000274b70f9d98]
Event: 1090.922 Thread 0x00000274cc041330 16658       3       com.android.utils.XmlUtils::toXmlAttributeValue (89 bytes)
Event: 1090.923 Thread 0x00000274cc041330 nmethod 16658 0x00000274b70fa190 code [0x00000274b70fa460, 0x00000274b70fb338]
Event: 1090.924 Thread 0x00000274cc041330 16659       2       com.google.common.base.CharMatcher::countIn (39 bytes)
Event: 1090.925 Thread 0x00000274cc041330 nmethod 16659 0x00000274b70fb910 code [0x00000274b70fbac0, 0x00000274b70fbce8]
Event: 1090.926 Thread 0x00000274cc041330 16660 %     3       com.android.utils.XmlUtils::toXmlTextValue @ 7 (65 bytes)
Event: 1090.928 Thread 0x00000274cc041330 nmethod 16660% 0x00000274b70fbe10 code [0x00000274b70fc0e0, 0x00000274b70fcf78]
Event: 1090.929 Thread 0x00000274cc041330 16661       3       com.android.utils.XmlUtils::toXmlTextValue (65 bytes)
Event: 1090.930 Thread 0x00000274cc041330 nmethod 16661 0x00000274b70fd590 code [0x00000274b70fd860, 0x00000274b70fe658]

GC Heap History (20 events):
Event: 38.189 GC heap before
{Heap before GC invocations=58 (full 0):
 garbage-first heap   total 319488K, used 245760K [0x0000000080000000, 0x0000000100000000)
  region size 1024K, 63 young (64512K), 4 survivors (4096K)
 Metaspace       used 109044K, committed 109760K, reserved 1146880K
  class space    used 14650K, committed 15040K, reserved 1048576K
}
Event: 38.203 GC heap after
{Heap after GC invocations=59 (full 0):
 garbage-first heap   total 319488K, used 191951K [0x0000000080000000, 0x0000000100000000)
  region size 1024K, 8 young (8192K), 8 survivors (8192K)
 Metaspace       used 109044K, committed 109760K, reserved 1146880K
  class space    used 14650K, committed 15040K, reserved 1048576K
}
Event: 38.329 GC heap before
{Heap before GC invocations=59 (full 0):
 garbage-first heap   total 319488K, used 198095K [0x0000000080000000, 0x0000000100000000)
  region size 1024K, 15 young (15360K), 8 survivors (8192K)
 Metaspace       used 109066K, committed 109824K, reserved 1146880K
  class space    used 14650K, committed 15040K, reserved 1048576K
}
Event: 38.345 GC heap after
{Heap after GC invocations=60 (full 0):
 garbage-first heap   total 319488K, used 193180K [0x0000000080000000, 0x0000000100000000)
  region size 1024K, 2 young (2048K), 2 survivors (2048K)
 Metaspace       used 109066K, committed 109824K, reserved 1146880K
  class space    used 14650K, committed 15040K, reserved 1048576K
}
Event: 39.780 GC heap before
{Heap before GC invocations=60 (full 0):
 garbage-first heap   total 319488K, used 259740K [0x0000000080000000, 0x0000000100000000)
  region size 1024K, 68 young (69632K), 2 survivors (2048K)
 Metaspace       used 110883K, committed 111680K, reserved 1146880K
  class space    used 14852K, committed 15232K, reserved 1048576K
}
Event: 39.791 GC heap after
{Heap after GC invocations=61 (full 0):
 garbage-first heap   total 319488K, used 197529K [0x0000000080000000, 0x0000000100000000)
  region size 1024K, 6 young (6144K), 6 survivors (6144K)
 Metaspace       used 110883K, committed 111680K, reserved 1146880K
  class space    used 14852K, committed 15232K, reserved 1048576K
}
Event: 41.571 GC heap before
{Heap before GC invocations=61 (full 0):
 garbage-first heap   total 319488K, used 262041K [0x0000000080000000, 0x0000000100000000)
  region size 1024K, 70 young (71680K), 6 survivors (6144K)
 Metaspace       used 114096K, committed 114944K, reserved 1155072K
  class space    used 15245K, committed 15616K, reserved 1048576K
}
Event: 41.584 GC heap after
{Heap after GC invocations=62 (full 0):
 garbage-first heap   total 319488K, used 202991K [0x0000000080000000, 0x0000000100000000)
  region size 1024K, 6 young (6144K), 6 survivors (6144K)
 Metaspace       used 114096K, committed 114944K, reserved 1155072K
  class space    used 15245K, committed 15616K, reserved 1048576K
}
Event: 1084.530 GC heap before
{Heap before GC invocations=62 (full 0):
 garbage-first heap   total 319488K, used 265455K [0x0000000080000000, 0x0000000100000000)
  region size 1024K, 67 young (68608K), 6 survivors (6144K)
 Metaspace       used 117098K, committed 118016K, reserved 1155072K
  class space    used 15633K, committed 16064K, reserved 1048576K
}
Event: 1084.543 GC heap after
{Heap after GC invocations=63 (full 0):
 garbage-first heap   total 319488K, used 207077K [0x0000000080000000, 0x0000000100000000)
  region size 1024K, 4 young (4096K), 4 survivors (4096K)
 Metaspace       used 117098K, committed 118016K, reserved 1155072K
  class space    used 15633K, committed 16064K, reserved 1048576K
}
Event: 1087.076 GC heap before
{Heap before GC invocations=63 (full 0):
 garbage-first heap   total 319488K, used 266469K [0x0000000080000000, 0x0000000100000000)
  region size 1024K, 63 young (64512K), 4 survivors (4096K)
 Metaspace       used 118510K, committed 119488K, reserved 1155072K
  class space    used 15796K, committed 16256K, reserved 1048576K
}
Event: 1087.092 GC heap after
{Heap after GC invocations=64 (full 0):
 garbage-first heap   total 319488K, used 214919K [0x0000000080000000, 0x0000000100000000)
  region size 1024K, 8 young (8192K), 8 survivors (8192K)
 Metaspace       used 118510K, committed 119488K, reserved 1155072K
  class space    used 15796K, committed 16256K, reserved 1048576K
}
Event: 1087.772 GC heap before
{Heap before GC invocations=64 (full 0):
 garbage-first heap   total 319488K, used 268167K [0x0000000080000000, 0x0000000100000000)
  region size 1024K, 61 young (62464K), 8 survivors (8192K)
 Metaspace       used 119596K, committed 120512K, reserved 1155072K
  class space    used 15932K, committed 16384K, reserved 1048576K
}
Event: 1087.794 GC heap after
{Heap after GC invocations=65 (full 0):
 garbage-first heap   total 319488K, used 223092K [0x0000000080000000, 0x0000000100000000)
  region size 1024K, 8 young (8192K), 8 survivors (8192K)
 Metaspace       used 119596K, committed 120512K, reserved 1155072K
  class space    used 15932K, committed 16384K, reserved 1048576K
}
Event: 1088.954 GC heap before
{Heap before GC invocations=65 (full 0):
 garbage-first heap   total 319488K, used 268148K [0x0000000080000000, 0x0000000100000000)
  region size 1024K, 53 young (54272K), 8 survivors (8192K)
 Metaspace       used 120248K, committed 121216K, reserved 1155072K
  class space    used 16050K, committed 16512K, reserved 1048576K
}
Event: 1088.971 GC heap after
{Heap after GC invocations=66 (full 0):
 garbage-first heap   total 319488K, used 230107K [0x0000000080000000, 0x0000000100000000)
  region size 1024K, 7 young (7168K), 7 survivors (7168K)
 Metaspace       used 120248K, committed 121216K, reserved 1155072K
  class space    used 16050K, committed 16512K, reserved 1048576K
}
Event: 1090.179 GC heap before
{Heap before GC invocations=66 (full 0):
 garbage-first heap   total 319488K, used 272091K [0x0000000080000000, 0x0000000100000000)
  region size 1024K, 47 young (48128K), 7 survivors (7168K)
 Metaspace       used 122968K, committed 123904K, reserved 1163264K
  class space    used 16419K, committed 16832K, reserved 1048576K
}
Event: 1090.205 GC heap after
{Heap after GC invocations=67 (full 0):
 garbage-first heap   total 319488K, used 245463K [0x0000000080000000, 0x0000000100000000)
  region size 1024K, 6 young (6144K), 6 survivors (6144K)
 Metaspace       used 122968K, committed 123904K, reserved 1163264K
  class space    used 16419K, committed 16832K, reserved 1048576K
}
Event: 1090.809 GC heap before
{Heap before GC invocations=67 (full 0):
 garbage-first heap   total 319488K, used 264919K [0x0000000080000000, 0x0000000100000000)
  region size 1024K, 26 young (26624K), 6 survivors (6144K)
 Metaspace       used 125601K, committed 126592K, reserved 1163264K
  class space    used 16758K, committed 17216K, reserved 1048576K
}
Event: 1090.830 GC heap after
{Heap after GC invocations=68 (full 0):
 garbage-first heap   total 319488K, used 250880K [0x0000000080000000, 0x0000000100000000)
  region size 1024K, 4 young (4096K), 4 survivors (4096K)
 Metaspace       used 125601K, committed 126592K, reserved 1163264K
  class space    used 16758K, committed 17216K, reserved 1048576K
}

Dll operation events (2 events):
Event: 0.008 Loaded shared library G:\android\jbr\bin\java.dll
Event: 0.697 Loaded shared library G:\android\jbr\bin\verify.dll

Deoptimization events (20 events):
Event: 1090.747 Thread 0x00000274d8abc2c0 DEOPT PACKING pc=0x00000274bd904d40 sp=0x000000fdc51fa9d0
Event: 1090.747 Thread 0x00000274d8abc2c0 DEOPT UNPACKING pc=0x00000274bca869a3 sp=0x000000fdc51fa918 mode 2
Event: 1090.748 Thread 0x00000274d8abc2c0 Uncommon trap: trap_request=0xffffffc6 fr.pc=0x00000274bd904d40 relative=0x0000000000001840
Event: 1090.748 Thread 0x00000274d8abc2c0 Uncommon trap: reason=bimorphic_or_optimized_type_check action=maybe_recompile pc=0x00000274bd904d40 method=org.apache.xerces.dom.NamedNodeMapImpl.findNamePoint(Ljava/lang/String;I)I @ 50 c2
Event: 1090.748 Thread 0x00000274d8abc2c0 DEOPT PACKING pc=0x00000274bd904d40 sp=0x000000fdc51fa9d0
Event: 1090.748 Thread 0x00000274d8abc2c0 DEOPT UNPACKING pc=0x00000274bca869a3 sp=0x000000fdc51fa918 mode 2
Event: 1090.748 Thread 0x00000274d8abc2c0 Uncommon trap: trap_request=0xffffffc6 fr.pc=0x00000274bd904d40 relative=0x0000000000001840
Event: 1090.748 Thread 0x00000274d8abc2c0 Uncommon trap: reason=bimorphic_or_optimized_type_check action=maybe_recompile pc=0x00000274bd904d40 method=org.apache.xerces.dom.NamedNodeMapImpl.findNamePoint(Ljava/lang/String;I)I @ 50 c2
Event: 1090.748 Thread 0x00000274d8abc2c0 DEOPT PACKING pc=0x00000274bd904d40 sp=0x000000fdc51fa9d0
Event: 1090.748 Thread 0x00000274d8abc2c0 DEOPT UNPACKING pc=0x00000274bca869a3 sp=0x000000fdc51fa918 mode 2
Event: 1090.792 Thread 0x00000274d8abc2c0 Uncommon trap: trap_request=0xffffff76 fr.pc=0x00000274bd8cc33c relative=0x000000000000041c
Event: 1090.792 Thread 0x00000274d8abc2c0 Uncommon trap: reason=predicate action=maybe_recompile pc=0x00000274bd8cc33c method=org.apache.xerces.dom.NamedNodeMapImpl.findNamePoint(Ljava/lang/String;Ljava/lang/String;)I @ 126 c2
Event: 1090.792 Thread 0x00000274d8abc2c0 DEOPT PACKING pc=0x00000274bd8cc33c sp=0x000000fdc51fa960
Event: 1090.792 Thread 0x00000274d8abc2c0 DEOPT UNPACKING pc=0x00000274bca869a3 sp=0x000000fdc51fa900 mode 2
Event: 1090.854 Thread 0x00000274d8abc2c0 DEOPT PACKING pc=0x00000274b70eb89b sp=0x000000fdc51fa590
Event: 1090.854 Thread 0x00000274d8abc2c0 DEOPT UNPACKING pc=0x00000274bca87143 sp=0x000000fdc51f9a50 mode 0
Event: 1090.923 Thread 0x00000274d8abc2c0 DEOPT PACKING pc=0x00000274b70f47e0 sp=0x000000fdc51fa4c0
Event: 1090.923 Thread 0x00000274d8abc2c0 DEOPT UNPACKING pc=0x00000274bca87143 sp=0x000000fdc51f99d0 mode 0
Event: 1090.930 Thread 0x00000274d8abc2c0 DEOPT PACKING pc=0x00000274b70f9c40 sp=0x000000fdc51fa260
Event: 1090.930 Thread 0x00000274d8abc2c0 DEOPT UNPACKING pc=0x00000274bca87143 sp=0x000000fdc51f9770 mode 0

Classes unloaded (0 events):
No events

Classes redefined (0 events):
No events

Internal exceptions (20 events):
Event: 1087.907 Thread 0x00000274cc04c7c0 Exception <a 'java/lang/ClassNotFoundException'{0x0000000092a99848}: com/android/build/gradle/internal/tasks/ListingFileRedirectTaskCustomizer> (0x0000000092a99848) 
thrown [s\src\hotspot\share\classfile\systemDictionary.cpp, line 256]
Event: 1087.908 Thread 0x00000274cc04c7c0 Exception <a 'java/lang/ClassNotFoundException'{0x0000000092ab60b0}: com/android/build/gradle/internal/tasks/ListingFileRedirectTask_DecoratedCustomizer> (0x0000000092ab60b0) 
thrown [s\src\hotspot\share\classfile\systemDictionary.cpp, line 256]
Event: 1087.952 Thread 0x00000274d8aba5e0 Exception <a 'java/lang/NoSuchMethodError'{0x0000000092802738}: 'void java.lang.invoke.DirectMethodHandle$Holder.invokeInterface(java.lang.Object, java.lang.Object, java.lang.Object, java.lang.Object)'> (0x0000000092802738) 
thrown [s\src\hotspot\share\interpreter\linkResolver.cpp, line 771]
Event: 1088.090 Thread 0x00000274d8aba5e0 Exception <a 'sun/nio/fs/WindowsException'{0x0000000092780a80}> (0x0000000092780a80) 
thrown [s\src\hotspot\share\prims\jni.cpp, line 517]
Event: 1088.101 Thread 0x00000274cc04d630 Exception <a 'java/lang/NoSuchMethodError'{0x000000009267a3e8}: static Lorg/gradle/internal/build/event/types/DefaultTaskSkippedResult;.<clinit>()V> (0x000000009267a3e8) 
thrown [s\src\hotspot\share\prims\jni.cpp, line 1108]
Event: 1088.115 Thread 0x00000274d8abd130 Exception <a 'java/lang/NoSuchMethodError'{0x00000000926ac378}: static Lcom/android/buildanalyzer/common/AndroidGradlePluginAttributionData$BuildInfo;.<clinit>()V> (0x00000000926ac378) 
thrown [s\src\hotspot\share\prims\jni.cpp, line 1108]
Event: 1088.117 Thread 0x00000274d8abd130 Exception <a 'java/lang/NoSuchMethodError'{0x00000000926bc2f0}: static Lcom/android/buildanalyzer/common/AndroidGradlePluginAttributionData$JavaInfo;.<clinit>()V> (0x00000000926bc2f0) 
thrown [s\src\hotspot\share\prims\jni.cpp, line 1108]
Event: 1088.119 Thread 0x00000274d8abd130 Exception <a 'java/lang/NoSuchMethodError'{0x00000000926d6030}: static [Ljava/lang/String;.<clinit>()V> (0x00000000926d6030) 
thrown [s\src\hotspot\share\prims\jni.cpp, line 1108]
Event: 1088.120 Thread 0x00000274d8abd130 Exception <a 'java/lang/NoSuchMethodError'{0x00000000926e51c8}: static Lcom/android/buildanalyzer/common/AndroidGradlePluginAttributionData$TaskInfo;.<clinit>()V> (0x00000000926e51c8) 
thrown [s\src\hotspot\share\prims\jni.cpp, line 1108]
Event: 1088.121 Thread 0x00000274d8abd130 Exception <a 'java/lang/NoSuchMethodError'{0x00000000926f22a0}: static Lcom/android/buildanalyzer/common/AndroidGradlePluginAttributionData$TaskCategoryInfo;.<clinit>()V> (0x00000000926f22a0) 
thrown [s\src\hotspot\share\prims\jni.cpp, line 1108]
Event: 1088.758 Thread 0x00000274cc04b950 Exception <a 'java/lang/NoSuchMethodError'{0x0000000091689458}: 'void java.lang.invoke.DirectMethodHandle$Holder.invokeVirtual(java.lang.Object, java.lang.Object)'> (0x0000000091689458) 
thrown [s\src\hotspot\share\interpreter\linkResolver.cpp, line 771]
Event: 1090.328 Thread 0x00000274d8abc2c0 Implicit null exception at 0x00000274bd8cccb7 to 0x00000274bd8cd630
Event: 1090.385 Thread 0x00000274d8abc2c0 Exception <a 'sun/nio/fs/WindowsException'{0x0000000092e332d0}> (0x0000000092e332d0) 
thrown [s\src\hotspot\share\prims\jni.cpp, line 517]
Event: 1090.385 Thread 0x00000274d8abc2c0 Exception <a 'sun/nio/fs/WindowsException'{0x0000000092e336e8}> (0x0000000092e336e8) 
thrown [s\src\hotspot\share\prims\jni.cpp, line 517]
Event: 1090.385 Thread 0x00000274d8abc2c0 Exception <a 'sun/nio/fs/WindowsException'{0x0000000092e35408}> (0x0000000092e35408) 
thrown [s\src\hotspot\share\prims\jni.cpp, line 517]
Event: 1090.385 Thread 0x00000274d8abc2c0 Exception <a 'sun/nio/fs/WindowsException'{0x0000000092e357b8}> (0x0000000092e357b8) 
thrown [s\src\hotspot\share\prims\jni.cpp, line 517]
Event: 1090.512 Thread 0x00000274d8abc2c0 Implicit null exception at 0x00000274bd7126da to 0x00000274bd71279c
Event: 1090.522 Thread 0x00000274d8abc2c0 Exception <a 'java/lang/NoSuchMethodError'{0x0000000092c20e60}: 'java.lang.Object java.lang.invoke.Invokers$Holder.invoke_MT(java.lang.Object, java.lang.Object, java.lang.Object)'> (0x0000000092c20e60) 
thrown [s\src\hotspot\share\interpreter\linkResolver.cpp, line 771]
Event: 1090.723 Thread 0x00000274d8abc2c0 Implicit null exception at 0x00000274bd8e07c7 to 0x00000274bd8e0e24
Event: 1090.723 Thread 0x00000274d8abc2c0 Implicit null exception at 0x00000274bd709546 to 0x00000274bd709ed0

VM Operations (20 events):
Event: 1089.003 Executing VM operation: HandshakeAllThreads
Event: 1089.003 Executing VM operation: HandshakeAllThreads done
Event: 1089.874 Executing VM operation: HandshakeAllThreads
Event: 1089.874 Executing VM operation: HandshakeAllThreads done
Event: 1089.950 Executing VM operation: HandshakeAllThreads
Event: 1089.950 Executing VM operation: HandshakeAllThreads done
Event: 1089.963 Executing VM operation: HandshakeAllThreads
Event: 1089.963 Executing VM operation: HandshakeAllThreads done
Event: 1089.968 Executing VM operation: ICBufferFull
Event: 1089.968 Executing VM operation: ICBufferFull done
Event: 1090.115 Executing VM operation: HandshakeAllThreads
Event: 1090.115 Executing VM operation: HandshakeAllThreads done
Event: 1090.179 Executing VM operation: G1CollectForAllocation
Event: 1090.205 Executing VM operation: G1CollectForAllocation done
Event: 1090.499 Executing VM operation: HandshakeAllThreads
Event: 1090.499 Executing VM operation: HandshakeAllThreads done
Event: 1090.568 Executing VM operation: HandshakeAllThreads
Event: 1090.568 Executing VM operation: HandshakeAllThreads done
Event: 1090.809 Executing VM operation: G1CollectForAllocation
Event: 1090.830 Executing VM operation: G1CollectForAllocation done

Events (20 events):
Event: 1090.521 loading class jdk/internal/misc/ExtendedMapMode
Event: 1090.522 loading class jdk/internal/misc/ExtendedMapMode done
Event: 1090.523 loading class sun/nio/ch/FileChannelImpl$DefaultUnmapper
Event: 1090.523 loading class sun/nio/ch/FileChannelImpl$Unmapper
Event: 1090.523 loading class jdk/internal/access/foreign/UnmapperProxy
Event: 1090.523 loading class jdk/internal/access/foreign/UnmapperProxy done
Event: 1090.523 loading class sun/nio/ch/FileChannelImpl$Unmapper done
Event: 1090.523 loading class sun/nio/ch/FileChannelImpl$DefaultUnmapper done
Event: 1090.523 loading class sun/nio/ch/Util$4
Event: 1090.524 loading class sun/nio/ch/Util$4 done
Event: 1090.534 loading class java/util/EmptyStackException
Event: 1090.534 loading class java/util/EmptyStackException done
Event: 1090.544 loading class java/io/InvalidClassException
Event: 1090.545 loading class java/io/InvalidClassException done
Event: 1090.679 loading class javax/xml/transform/stream/StreamResult
Event: 1090.680 loading class javax/xml/transform/stream/StreamResult done
Event: 1090.680 loading class javax/xml/transform/sax/SAXResult
Event: 1090.680 loading class javax/xml/transform/sax/SAXResult done
Event: 1090.680 loading class javax/xml/transform/dom/DOMResult
Event: 1090.682 loading class javax/xml/transform/dom/DOMResult done


Dynamic libraries:
0x00007ff6d4d00000 - 0x00007ff6d4d0a000 	G:\android\jbr\bin\java.exe
0x00007ffbf7a10000 - 0x00007ffbf7c08000 	C:\Windows\SYSTEM32\ntdll.dll
0x00007ffbf7660000 - 0x00007ffbf771f000 	C:\Windows\System32\KERNEL32.DLL
0x00007ffbf52b0000 - 0x00007ffbf55a6000 	C:\Windows\System32\KERNELBASE.dll
0x00007ffbf5770000 - 0x00007ffbf5870000 	C:\Windows\System32\ucrtbase.dll
0x00007ffbecd00000 - 0x00007ffbecd17000 	G:\android\jbr\bin\jli.dll
0x00007ffbf6e70000 - 0x00007ffbf700d000 	C:\Windows\System32\USER32.dll
0x00007ffbf51f0000 - 0x00007ffbf5212000 	C:\Windows\System32\win32u.dll
0x00007ffbf5f90000 - 0x00007ffbf5fbc000 	C:\Windows\System32\GDI32.dll
0x00007ffbf55b0000 - 0x00007ffbf56c5000 	C:\Windows\System32\gdi32full.dll
0x00007ffbf56d0000 - 0x00007ffbf576d000 	C:\Windows\System32\msvcp_win.dll
0x00007ffbe6550000 - 0x00007ffbe67ea000 	C:\Windows\WinSxS\amd64_microsoft.windows.common-controls_6595b64144ccf1df_6.0.19041.1110_none_60b5254171f9507e\COMCTL32.dll
0x00007ffbf7010000 - 0x00007ffbf70ae000 	C:\Windows\System32\msvcrt.dll
0x00007ffbeaa60000 - 0x00007ffbeaa7b000 	G:\android\jbr\bin\VCRUNTIME140.dll
0x00007ffbf73e0000 - 0x00007ffbf7410000 	C:\Windows\System32\IMM32.DLL
0x00007ffbeccf0000 - 0x00007ffbeccfc000 	G:\android\jbr\bin\vcruntime140_1.dll
0x00007ffbd3a60000 - 0x00007ffbd3aed000 	G:\android\jbr\bin\msvcp140.dll
0x00007ffb8f000000 - 0x00007ffb8fc6d000 	G:\android\jbr\bin\server\jvm.dll
0x00007ffbf7730000 - 0x00007ffbf77df000 	C:\Windows\System32\ADVAPI32.dll
0x00007ffbf75b0000 - 0x00007ffbf764c000 	C:\Windows\System32\sechost.dll
0x00007ffbf7420000 - 0x00007ffbf7546000 	C:\Windows\System32\RPCRT4.dll
0x00007ffbf0c10000 - 0x00007ffbf0c19000 	C:\Windows\SYSTEM32\WSOCK32.dll
0x00007ffbef170000 - 0x00007ffbef197000 	C:\Windows\SYSTEM32\WINMM.dll
0x00007ffbf6e00000 - 0x00007ffbf6e6b000 	C:\Windows\System32\WS2_32.dll
0x00007ffbf02e0000 - 0x00007ffbf02ea000 	C:\Windows\SYSTEM32\VERSION.dll
0x00007ffbf2fc0000 - 0x00007ffbf2fd2000 	C:\Windows\SYSTEM32\kernel.appcore.dll
0x00007ffbecce0000 - 0x00007ffbeccea000 	G:\android\jbr\bin\jimage.dll
0x00007ffbe3bd0000 - 0x00007ffbe3db4000 	C:\Windows\SYSTEM32\DBGHELP.DLL
0x00007ffbe3860000 - 0x00007ffbe3894000 	C:\Windows\SYSTEM32\dbgcore.DLL
0x00007ffbf5220000 - 0x00007ffbf52a2000 	C:\Windows\System32\bcryptPrimitives.dll
0x00007ffbebee0000 - 0x00007ffbebf05000 	G:\android\jbr\bin\java.dll
0x00007ffbec0c0000 - 0x00007ffbec0d8000 	G:\android\jbr\bin\zip.dll
0x00007ffbf6320000 - 0x00007ffbf6a64000 	C:\Windows\System32\SHELL32.dll
0x00007ffbf31c0000 - 0x00007ffbf3954000 	C:\Windows\SYSTEM32\windows.storage.dll
0x00007ffbf5fc0000 - 0x00007ffbf6314000 	C:\Windows\System32\combase.dll
0x00007ffbf4a60000 - 0x00007ffbf4a8e000 	C:\Windows\SYSTEM32\Wldp.dll
0x00007ffbf6d50000 - 0x00007ffbf6dfd000 	C:\Windows\System32\SHCORE.dll
0x00007ffbf7380000 - 0x00007ffbf73d5000 	C:\Windows\System32\shlwapi.dll
0x00007ffbf5020000 - 0x00007ffbf5045000 	C:\Windows\SYSTEM32\profapi.dll
0x00007ffbebdb0000 - 0x00007ffbebdc9000 	G:\android\jbr\bin\net.dll
0x00007ffbef270000 - 0x00007ffbef37a000 	C:\Windows\SYSTEM32\WINHTTP.dll
0x00007ffbf47c0000 - 0x00007ffbf482a000 	C:\Windows\system32\mswsock.dll
0x00007ffbe6530000 - 0x00007ffbe6546000 	G:\android\jbr\bin\nio.dll
0x00007ffbea9a0000 - 0x00007ffbea9b0000 	G:\android\jbr\bin\verify.dll
0x00007ffbecd20000 - 0x00007ffbecd47000 	C:\Users\niloy\.gradle\native\68d5fa5c4cc2d200863cafc0d521ce42e7d3e7ee720ec0a83991735586a16f82\windows-amd64\native-platform.dll
0x00007ffba67d0000 - 0x00007ffba6914000 	C:\Users\niloy\.gradle\native\e376f236ea51e6404a007f0833ffe2c6e607c4080706a723a18a27aeea778392\windows-amd64\native-platform-file-events.dll
0x00007ffbebeb0000 - 0x00007ffbebeb9000 	G:\android\jbr\bin\management.dll
0x00007ffbebda0000 - 0x00007ffbebdab000 	G:\android\jbr\bin\management_ext.dll
0x00007ffbf7650000 - 0x00007ffbf7658000 	C:\Windows\System32\PSAPI.DLL
0x00007ffbf49b0000 - 0x00007ffbf49c8000 	C:\Windows\SYSTEM32\CRYPTSP.dll
0x00007ffbf40e0000 - 0x00007ffbf4114000 	C:\Windows\system32\rsaenh.dll
0x00007ffbf5870000 - 0x00007ffbf5897000 	C:\Windows\System32\bcrypt.dll
0x00007ffbf4fe0000 - 0x00007ffbf500e000 	C:\Windows\SYSTEM32\USERENV.dll
0x00007ffbf49d0000 - 0x00007ffbf49dc000 	C:\Windows\SYSTEM32\CRYPTBASE.dll
0x00007ffbf44b0000 - 0x00007ffbf44ec000 	C:\Windows\SYSTEM32\IPHLPAPI.DLL
0x00007ffbf7410000 - 0x00007ffbf7418000 	C:\Windows\System32\NSI.dll
0x00007ffbef440000 - 0x00007ffbef457000 	C:\Windows\SYSTEM32\dhcpcsvc6.DLL
0x00007ffbef5d0000 - 0x00007ffbef5ed000 	C:\Windows\SYSTEM32\dhcpcsvc.DLL
0x00007ffbf44f0000 - 0x00007ffbf45ba000 	C:\Windows\SYSTEM32\DNSAPI.dll
0x00007ffbe9760000 - 0x00007ffbe9767000 	C:\Windows\system32\wshunix.dll
0x00007ffbea550000 - 0x00007ffbea55a000 	C:\Windows\System32\rasadhlp.dll
0x00007ffbeb140000 - 0x00007ffbeb1c2000 	C:\Windows\System32\fwpuclnt.dll
0x00007ffbec3f0000 - 0x00007ffbec407000 	C:\Windows\system32\napinsp.dll
0x00007ffbec3d0000 - 0x00007ffbec3eb000 	C:\Windows\system32\pnrpnsp.dll
0x00007ffbd9da0000 - 0x00007ffbd9db5000 	C:\Windows\system32\wshbth.dll
0x00007ffbf0ae0000 - 0x00007ffbf0afd000 	C:\Windows\system32\NLAapi.dll
0x00007ffbec380000 - 0x00007ffbec392000 	C:\Windows\System32\winrnr.dll

dbghelp: loaded successfully - version: 4.0.5 - missing functions: none
symbol engine: initialized successfully - sym options: 0x614 - pdb path: .;G:\android\jbr\bin;C:\Windows\SYSTEM32;C:\Windows\WinSxS\amd64_microsoft.windows.common-controls_6595b64144ccf1df_6.0.19041.1110_none_60b5254171f9507e;G:\android\jbr\bin\server;C:\Users\niloy\.gradle\native\68d5fa5c4cc2d200863cafc0d521ce42e7d3e7ee720ec0a83991735586a16f82\windows-amd64;C:\Users\niloy\.gradle\native\e376f236ea51e6404a007f0833ffe2c6e607c4080706a723a18a27aeea778392\windows-amd64

VM Arguments:
jvm_args: --add-opens=java.base/java.util=ALL-UNNAMED --add-opens=java.base/java.lang=ALL-UNNAMED --add-opens=java.base/java.lang.invoke=ALL-UNNAMED --add-opens=java.prefs/java.util.prefs=ALL-UNNAMED --add-opens=java.base/java.nio.charset=ALL-UNNAMED --add-opens=java.base/java.net=ALL-UNNAMED --add-opens=java.base/java.util.concurrent.atomic=ALL-UNNAMED -Xmx2048m -Dfile.encoding=UTF-8 -Duser.country=US -Duser.language=en -Duser.variant 
java_command: org.gradle.launcher.daemon.bootstrap.GradleDaemon 8.0
java_class_path (initial): C:\Users\niloy\.gradle\wrapper\dists\gradle-8.0-bin\ca5e32bp14vu59qr306oxotwh\gradle-8.0\lib\gradle-launcher-8.0.jar
Launcher Type: SUN_STANDARD

[Global flags]
     intx CICompilerCount                          = 3                                         {product} {ergonomic}
     uint ConcGCThreads                            = 1                                         {product} {ergonomic}
     uint G1ConcRefinementThreads                  = 4                                         {product} {ergonomic}
   size_t G1HeapRegionSize                         = 1048576                                   {product} {ergonomic}
    uintx GCDrainStackTargetSize                   = 64                                        {product} {ergonomic}
   size_t InitialHeapSize                          = 167772160                                 {product} {ergonomic}
   size_t MarkStackSize                            = 4194304                                   {product} {ergonomic}
   size_t MaxHeapSize                              = 2147483648                                {product} {command line}
   size_t MaxNewSize                               = 1287651328                                {product} {ergonomic}
   size_t MinHeapDeltaBytes                        = 1048576                                   {product} {ergonomic}
   size_t MinHeapSize                              = 8388608                                   {product} {ergonomic}
    uintx NonNMethodCodeHeapSize                   = 5832780                                {pd product} {ergonomic}
    uintx NonProfiledCodeHeapSize                  = 122912730                              {pd product} {ergonomic}
    uintx ProfiledCodeHeapSize                     = 122912730                              {pd product} {ergonomic}
    uintx ReservedCodeCacheSize                    = 251658240                              {pd product} {ergonomic}
     bool SegmentedCodeCache                       = true                                      {product} {ergonomic}
   size_t SoftMaxHeapSize                          = 2147483648                             {manageable} {ergonomic}
     bool UseCompressedClassPointers               = true                           {product lp64_product} {ergonomic}
     bool UseCompressedOops                        = true                           {product lp64_product} {ergonomic}
     bool UseG1GC                                  = true                                      {product} {ergonomic}
     bool UseLargePagesIndividualAllocation        = false                                  {pd product} {ergonomic}

Logging:
Log output configuration:
 #0: stdout all=warning uptime,level,tags
 #1: stderr all=off uptime,level,tags

Environment Variables:
PATH=C:\Program Files\Common Files\Oracle\Java\javapath;C:\Program Files\Python311\Scripts\;C:\Program Files\Python311\;C:\Windows\system32;C:\Windows;C:\Windows\System32\Wbem;C:\Windows\System32\WindowsPowerShell\v1.0\;C:\Windows\System32\OpenSSH\;C:\Program Files\nodejs;C:\Program Files\nodejs\;C:\Program Files (x86)\Yarn\bin\;C:\Users\niloy\AppData\Local\Microsoft\WindowsApps;C:\Program Files\JetBrains\PyCharm Community Edition 2023.1\bin;;F:\IntelliJ IDEA Community Edition 2023.1.1\bin;;C:\Program Files\nodejs;C:\Users\niloy\AppData\Local\Programs\Microsoft VS Code\bin;C:\Users\niloy\AppData\Roaming\npm;C:\Users\niloy\AppData\Local\Yarn\bin
USERNAME=niloy
OS=Windows_NT
PROCESSOR_IDENTIFIER=Intel64 Family 6 Model 42 Stepping 7, GenuineIntel
TMP=C:\Users\niloy\AppData\Local\Temp
TEMP=C:\Users\niloy\AppData\Local\Temp



---------------  S Y S T E M  ---------------

OS:
 Windows 10 , 64 bit Build 19041 (10.0.19041.3155)
OS uptime: 4 days 17:27 hours

CPU: total 4 (initial active 4) (4 cores per cpu, 1 threads per core) family 6 model 42 stepping 7 microcode 0x2f, cx8, cmov, fxsr, mmx, sse, sse2, sse3, ssse3, sse4.1, sse4.2, popcnt, tsc, tscinvbit, avx, aes, clmul, vzeroupper, clflush

Memory: 4k page, system-wide physical 10205M (1168M free)
TotalPageFile size 15078M (AvailPageFile size 3926M)
current process WorkingSet (physical memory assigned to process): 632M, peak: 634M
current process commit charge ("private bytes"): 661M, peak: 663M

vm_info: OpenJDK 64-Bit Server VM (17.0.6+0-b2043.56-9586694) for windows-amd64 JRE (17.0.6+0-b2043.56-9586694), built on Feb  9 2023 20:06:20 by "androidbuild" with MS VC++ 16.10 / 16.11 (VS2019)

END.
